[ 2016-02-24T20:55:41+08:00 ] 127.0.0.1 /index.php?g=user&m=index&a=is_login
INFO: [ app_begin ] --START--
INFO: Run Behavior\ReadHtmlCacheBehavior [ RunTime:0.001000s ]
INFO: Run Behavior\CheckLangBehavior [ RunTime:0.001000s ]
INFO: [ app_begin ] --END-- [ RunTime:0.003000s ]
SQL: SHOW COLUMNS FROM `cmf_nav` [ RunTime:0.0040s ]
SQL: SELECT * FROM `cmf_nav` WHERE ( id=1 ) LIMIT 1   [ RunTime:0.0010s ]
NOTIC: [8] Undefined index: url D:\outsource\thinkcmf\jme\cmf\application\Common\Controller\AppframeController.class.php 第 24 行.

[ 2016-02-24T20:55:46+08:00 ] 127.0.0.1 /index.php?g=user&m=index&a=is_login
INFO: [ app_begin ] --START--
INFO: Run Behavior\ReadHtmlCacheBehavior [ RunTime:0.001000s ]
INFO: Run Behavior\CheckLangBehavior [ RunTime:0.002000s ]
INFO: [ app_begin ] --END-- [ RunTime:0.004000s ]
SQL: SHOW COLUMNS FROM `cmf_nav` [ RunTime:0.0070s ]
SQL: SELECT * FROM `cmf_nav` WHERE ( id=1 ) LIMIT 1   [ RunTime:0.0010s ]
NOTIC: [8] Undefined index: url D:\outsource\thinkcmf\jme\cmf\application\Common\Controller\AppframeController.class.php 第 24 行.

[ 2016-02-24T20:57:00+08:00 ] 127.0.0.1 /index.php?g=user&m=index&a=is_login
INFO: [ app_begin ] --START--
INFO: Run Behavior\ReadHtmlCacheBehavior [ RunTime:0.001000s ]
INFO: Run Behavior\CheckLangBehavior [ RunTime:0.001000s ]
INFO: [ app_begin ] --END-- [ RunTime:0.003000s ]
SQL: SHOW COLUMNS FROM `cmf_nav` [ RunTime:0.0070s ]
SQL: SELECT * FROM `cmf_nav` WHERE ( id=1 ) LIMIT 1   [ RunTime:0.0000s ]
NOTIC: [8] Undefined index: url D:\outsource\thinkcmf\jme\cmf\application\Common\Controller\AppframeController.class.php 第 24 行.

[ 2016-02-24T20:58:12+08:00 ] 127.0.0.1 /index.php?g=user&m=index&a=is_login
INFO: [ app_begin ] --START--
INFO: Run Behavior\ReadHtmlCacheBehavior [ RunTime:0.001000s ]
INFO: Run Behavior\CheckLangBehavior [ RunTime:0.002000s ]
INFO: [ app_begin ] --END-- [ RunTime:0.004000s ]
SQL: SHOW COLUMNS FROM `cmf_nav` [ RunTime:0.0030s ]
SQL: SELECT * FROM `cmf_nav` WHERE ( id=1 ) LIMIT 1   [ RunTime:0.0000s ]
NOTIC: [8] Undefined index: url D:\outsource\thinkcmf\jme\cmf\application\Common\Controller\AppframeController.class.php 第 24 行.

[ 2016-02-24T20:58:14+08:00 ] 127.0.0.1 /index.php?g=user&m=index&a=is_login
INFO: [ app_begin ] --START--
INFO: Run Behavior\ReadHtmlCacheBehavior [ RunTime:0.000000s ]
INFO: Run Behavior\CheckLangBehavior [ RunTime:0.001000s ]
INFO: [ app_begin ] --END-- [ RunTime:0.002000s ]
SQL: SHOW COLUMNS FROM `cmf_nav` [ RunTime:0.0050s ]
SQL: SELECT * FROM `cmf_nav` WHERE ( id=1 ) LIMIT 1   [ RunTime:0.0000s ]
NOTIC: [8] Undefined index: url D:\outsource\thinkcmf\jme\cmf\application\Common\Controller\AppframeController.class.php 第 24 行.

[ 2016-02-24T20:58:17+08:00 ] 127.0.0.1 /index.php?g=user&m=index&a=is_login
INFO: [ app_begin ] --START--
INFO: Run Behavior\ReadHtmlCacheBehavior [ RunTime:0.002000s ]
INFO: Run Behavior\CheckLangBehavior [ RunTime:0.002001s ]
INFO: [ app_begin ] --END-- [ RunTime:0.005001s ]
SQL: SHOW COLUMNS FROM `cmf_nav` [ RunTime:0.0050s ]
SQL: SELECT * FROM `cmf_nav` WHERE ( id=1 ) LIMIT 1   [ RunTime:0.0010s ]
NOTIC: [8] Undefined index: url D:\outsource\thinkcmf\jme\cmf\application\Common\Controller\AppframeController.class.php 第 24 行.

[ 2016-02-24T20:58:19+08:00 ] 127.0.0.1 /index.php?g=user&m=index&a=is_login
INFO: [ app_begin ] --START--
INFO: Run Behavior\ReadHtmlCacheBehavior [ RunTime:0.001000s ]
INFO: Run Behavior\CheckLangBehavior [ RunTime:0.000000s ]
INFO: [ app_begin ] --END-- [ RunTime:0.001000s ]
SQL: SHOW COLUMNS FROM `cmf_nav` [ RunTime:0.0050s ]
SQL: SELECT * FROM `cmf_nav` WHERE ( id=1 ) LIMIT 1   [ RunTime:0.0000s ]
NOTIC: [8] Undefined index: url D:\outsource\thinkcmf\jme\cmf\application\Common\Controller\AppframeController.class.php 第 24 行.

[ 2016-02-24T20:58:49+08:00 ] 127.0.0.1 /index.php?g=user&m=index&a=is_login
INFO: [ app_begin ] --START--
INFO: Run Behavior\ReadHtmlCacheBehavior [ RunTime:0.001001s ]
INFO: Run Behavior\CheckLangBehavior [ RunTime:0.001000s ]
INFO: [ app_begin ] --END-- [ RunTime:0.002001s ]
SQL: SHOW COLUMNS FROM `cmf_nav` [ RunTime:0.0040s ]
SQL: SELECT * FROM `cmf_nav` WHERE ( id=1 ) LIMIT 1   [ RunTime:0.0000s ]
NOTIC: [8] Undefined index: url D:\outsource\thinkcmf\jme\cmf\application\Common\Controller\AppframeController.class.php 第 24 行.

[ 2016-02-24T20:58:53+08:00 ] 127.0.0.1 /index.php?g=user&m=index&a=is_login
INFO: [ app_begin ] --START--
INFO: Run Behavior\ReadHtmlCacheBehavior [ RunTime:0.000000s ]
INFO: Run Behavior\CheckLangBehavior [ RunTime:0.001000s ]
INFO: [ app_begin ] --END-- [ RunTime:0.002000s ]
SQL: SHOW COLUMNS FROM `cmf_nav` [ RunTime:0.0050s ]
SQL: SELECT * FROM `cmf_nav` WHERE ( id=1 ) LIMIT 1   [ RunTime:0.0000s ]
NOTIC: [8] Undefined index: url D:\outsource\thinkcmf\jme\cmf\application\Common\Controller\AppframeController.class.php 第 24 行.

[ 2016-02-24T20:58:55+08:00 ] 127.0.0.1 /index.php?g=user&m=index&a=is_login
INFO: [ app_begin ] --START--
INFO: Run Behavior\ReadHtmlCacheBehavior [ RunTime:0.001000s ]
INFO: Run Behavior\CheckLangBehavior [ RunTime:0.001000s ]
INFO: [ app_begin ] --END-- [ RunTime:0.003000s ]
SQL: SHOW COLUMNS FROM `cmf_nav` [ RunTime:0.0080s ]
SQL: SELECT * FROM `cmf_nav` WHERE ( id=1 ) LIMIT 1   [ RunTime:0.0000s ]
NOTIC: [8] Undefined index: url D:\outsource\thinkcmf\jme\cmf\application\Common\Controller\AppframeController.class.php 第 24 行.

[ 2016-02-24T20:58:57+08:00 ] 127.0.0.1 /index.php?g=user&m=index&a=is_login
INFO: [ app_begin ] --START--
INFO: Run Behavior\ReadHtmlCacheBehavior [ RunTime:0.001000s ]
INFO: Run Behavior\CheckLangBehavior [ RunTime:0.001000s ]
INFO: [ app_begin ] --END-- [ RunTime:0.003000s ]
SQL: SHOW COLUMNS FROM `cmf_nav` [ RunTime:0.0070s ]
SQL: SELECT * FROM `cmf_nav` WHERE ( id=1 ) LIMIT 1   [ RunTime:0.0010s ]
NOTIC: [8] Undefined index: url D:\outsource\thinkcmf\jme\cmf\application\Common\Controller\AppframeController.class.php 第 24 行.

[ 2016-02-24T21:02:06+08:00 ] 127.0.0.1 /index.php?g=user&m=index&a=is_login
INFO: [ app_begin ] --START--
INFO: Run Behavior\ReadHtmlCacheBehavior [ RunTime:0.000000s ]
INFO: Run Behavior\CheckLangBehavior [ RunTime:0.001000s ]
INFO: [ app_begin ] --END-- [ RunTime:0.001000s ]
SQL: SHOW COLUMNS FROM `cmf_nav` [ RunTime:0.0060s ]
SQL: SELECT * FROM `cmf_nav` WHERE ( id=1 ) LIMIT 1   [ RunTime:0.0010s ]
NOTIC: [8] Undefined index: url D:\outsource\thinkcmf\jme\cmf\application\Common\Controller\AppframeController.class.php 第 24 行.

[ 2016-02-24T21:02:12+08:00 ] 127.0.0.1 /index.php?g=user&m=index&a=is_login
INFO: [ app_begin ] --START--
INFO: Run Behavior\ReadHtmlCacheBehavior [ RunTime:0.000000s ]
INFO: Run Behavior\CheckLangBehavior [ RunTime:0.001000s ]
INFO: [ app_begin ] --END-- [ RunTime:0.002000s ]
SQL: SHOW COLUMNS FROM `cmf_nav` [ RunTime:0.0060s ]
SQL: SELECT * FROM `cmf_nav` WHERE ( id=1 ) LIMIT 1   [ RunTime:0.0000s ]
NOTIC: [8] Undefined index: url D:\outsource\thinkcmf\jme\cmf\application\Common\Controller\AppframeController.class.php 第 24 行.

[ 2016-02-24T21:02:30+08:00 ] 127.0.0.1 /index.php?g=user&m=index&a=is_login
INFO: [ app_begin ] --START--
INFO: Run Behavior\ReadHtmlCacheBehavior [ RunTime:0.001000s ]
INFO: Run Behavior\CheckLangBehavior [ RunTime:0.000000s ]
INFO: [ app_begin ] --END-- [ RunTime:0.001000s ]
SQL: SHOW COLUMNS FROM `cmf_nav` [ RunTime:0.0040s ]
SQL: SELECT * FROM `cmf_nav` WHERE ( id=1 ) LIMIT 1   [ RunTime:0.0010s ]
NOTIC: [8] Undefined index: url D:\outsource\thinkcmf\jme\cmf\application\Common\Controller\AppframeController.class.php 第 24 行.

[ 2016-02-24T21:02:33+08:00 ] 127.0.0.1 /index.php?g=user&m=index&a=is_login
INFO: [ app_begin ] --START--
INFO: Run Behavior\ReadHtmlCacheBehavior [ RunTime:0.002000s ]
INFO: Run Behavior\CheckLangBehavior [ RunTime:0.001000s ]
INFO: [ app_begin ] --END-- [ RunTime:0.004000s ]
SQL: SHOW COLUMNS FROM `cmf_nav` [ RunTime:0.0040s ]
SQL: SELECT * FROM `cmf_nav` WHERE ( id=1 ) LIMIT 1   [ RunTime:0.0000s ]
NOTIC: [8] Undefined index: url D:\outsource\thinkcmf\jme\cmf\application\Common\Controller\AppframeController.class.php 第 24 行.

[ 2016-02-24T21:02:40+08:00 ] 127.0.0.1 /index.php?g=user&m=index&a=is_login
INFO: [ app_begin ] --START--
INFO: Run Behavior\ReadHtmlCacheBehavior [ RunTime:0.001000s ]
INFO: Run Behavior\CheckLangBehavior [ RunTime:0.002000s ]
INFO: [ app_begin ] --END-- [ RunTime:0.003000s ]
SQL: SHOW COLUMNS FROM `cmf_nav` [ RunTime:0.0080s ]
SQL: SELECT * FROM `cmf_nav` WHERE ( id=1 ) LIMIT 1   [ RunTime:0.0010s ]
NOTIC: [8] Undefined index: url D:\outsource\thinkcmf\jme\cmf\application\Common\Controller\AppframeController.class.php 第 24 行.

[ 2016-02-24T21:04:31+08:00 ] 127.0.0.1 /index.php?g=user&m=index&a=is_login
INFO: [ app_begin ] --START--
INFO: Run Behavior\ReadHtmlCacheBehavior [ RunTime:0.001000s ]
INFO: Run Behavior\CheckLangBehavior [ RunTime:0.002000s ]
INFO: [ app_begin ] --END-- [ RunTime:0.004000s ]
SQL: SHOW COLUMNS FROM `cmf_nav` [ RunTime:0.0030s ]
SQL: SELECT * FROM `cmf_nav` WHERE ( id=1 ) LIMIT 1   [ RunTime:0.0010s ]
NOTIC: [8] Undefined index: url D:\outsource\thinkcmf\jme\cmf\application\Common\Controller\AppframeController.class.php 第 24 行.

[ 2016-02-24T21:04:53+08:00 ] 127.0.0.1 /index.php?g=user&m=index&a=is_login
INFO: [ app_begin ] --START--
INFO: Run Behavior\ReadHtmlCacheBehavior [ RunTime:0.000000s ]
INFO: Run Behavior\CheckLangBehavior [ RunTime:0.001000s ]
INFO: [ app_begin ] --END-- [ RunTime:0.002000s ]
SQL: SHOW COLUMNS FROM `cmf_nav` [ RunTime:0.0040s ]
SQL: SELECT * FROM `cmf_nav` WHERE ( id=1 ) LIMIT 1   [ RunTime:0.0000s ]
NOTIC: [8] Undefined index: url D:\outsource\thinkcmf\jme\cmf\application\Common\Controller\AppframeController.class.php 第 24 行.

[ 2016-02-24T21:05:28+08:00 ] 127.0.0.1 /index.php?g=user&m=index&a=is_login
INFO: [ app_begin ] --START--
INFO: Run Behavior\ReadHtmlCacheBehavior [ RunTime:0.001001s ]
INFO: Run Behavior\CheckLangBehavior [ RunTime:0.002000s ]
INFO: [ app_begin ] --END-- [ RunTime:0.004001s ]
SQL: SHOW COLUMNS FROM `cmf_nav` [ RunTime:0.0050s ]
SQL: SELECT * FROM `cmf_nav` WHERE ( id=1 ) LIMIT 1   [ RunTime:0.0010s ]
NOTIC: [8] Undefined index: url D:\outsource\thinkcmf\jme\cmf\application\Common\Controller\AppframeController.class.php 第 24 行.

[ 2016-02-24T21:05:46+08:00 ] 127.0.0.1 /index.php?g=user&m=index&a=is_login
INFO: [ app_begin ] --START--
INFO: Run Behavior\ReadHtmlCacheBehavior [ RunTime:0.001000s ]
INFO: Run Behavior\CheckLangBehavior [ RunTime:0.002001s ]
INFO: [ app_begin ] --END-- [ RunTime:0.003001s ]
SQL: SHOW COLUMNS FROM `cmf_nav` [ RunTime:0.0050s ]
SQL: SELECT * FROM `cmf_nav` WHERE ( id=1 ) LIMIT 1   [ RunTime:0.0000s ]
NOTIC: [8] Undefined index: url D:\outsource\thinkcmf\jme\cmf\application\Common\Controller\AppframeController.class.php 第 24 行.

[ 2016-02-24T21:07:38+08:00 ] 127.0.0.1 /index.php?g=user&m=index&a=is_login
INFO: [ app_begin ] --START--
INFO: Run Behavior\ReadHtmlCacheBehavior [ RunTime:0.000000s ]
INFO: Run Behavior\CheckLangBehavior [ RunTime:0.001000s ]
INFO: [ app_begin ] --END-- [ RunTime:0.002000s ]
SQL: SHOW COLUMNS FROM `cmf_nav` [ RunTime:0.0040s ]
SQL: SELECT * FROM `cmf_nav` WHERE ( id=1 ) LIMIT 1   [ RunTime:0.0000s ]
NOTIC: [8] Undefined index: url D:\outsource\thinkcmf\jme\cmf\application\Common\Controller\AppframeController.class.php 第 24 行.

[ 2016-02-24T21:07:46+08:00 ] 127.0.0.1 /index.php?g=user&m=index&a=is_login
INFO: [ app_begin ] --START--
INFO: Run Behavior\ReadHtmlCacheBehavior [ RunTime:0.001000s ]
INFO: Run Behavior\CheckLangBehavior [ RunTime:0.002000s ]
INFO: [ app_begin ] --END-- [ RunTime:0.003000s ]
SQL: SHOW COLUMNS FROM `cmf_nav` [ RunTime:0.0040s ]
SQL: SELECT * FROM `cmf_nav` WHERE ( id=1 ) LIMIT 1   [ RunTime:0.0000s ]
NOTIC: [8] Undefined index: url D:\outsource\thinkcmf\jme\cmf\application\Common\Controller\AppframeController.class.php 第 24 行.

[ 2016-02-24T21:08:42+08:00 ] 127.0.0.1 /index.php?g=user&m=index&a=is_login
INFO: [ app_begin ] --START--
INFO: Run Behavior\ReadHtmlCacheBehavior [ RunTime:0.001000s ]
INFO: Run Behavior\CheckLangBehavior [ RunTime:0.002000s ]
INFO: [ app_begin ] --END-- [ RunTime:0.003000s ]
SQL: SHOW COLUMNS FROM `cmf_nav` [ RunTime:0.0080s ]
SQL: SELECT * FROM `cmf_nav` WHERE ( id=1 ) LIMIT 1   [ RunTime:0.0000s ]
NOTIC: [8] Undefined index: url D:\outsource\thinkcmf\jme\cmf\application\Common\Controller\AppframeController.class.php 第 24 行.

[ 2016-02-24T21:09:08+08:00 ] 127.0.0.1 /index.php?g=user&m=index&a=is_login
INFO: [ app_begin ] --START--
INFO: Run Behavior\ReadHtmlCacheBehavior [ RunTime:0.000000s ]
INFO: Run Behavior\CheckLangBehavior [ RunTime:0.001000s ]
INFO: [ app_begin ] --END-- [ RunTime:0.003000s ]
SQL: SHOW COLUMNS FROM `cmf_nav` [ RunTime:0.0060s ]
SQL: SELECT * FROM `cmf_nav` WHERE ( id=1 ) LIMIT 1   [ RunTime:0.0010s ]
NOTIC: [8] Undefined index: url D:\outsource\thinkcmf\jme\cmf\application\Common\Controller\AppframeController.class.php 第 24 行.

[ 2016-02-24T21:09:15+08:00 ] 127.0.0.1 /index.php?g=user&m=index&a=is_login
INFO: [ app_begin ] --START--
INFO: Run Behavior\ReadHtmlCacheBehavior [ RunTime:0.001000s ]
INFO: Run Behavior\CheckLangBehavior [ RunTime:0.001000s ]
INFO: [ app_begin ] --END-- [ RunTime:0.002000s ]
SQL: SHOW COLUMNS FROM `cmf_nav` [ RunTime:0.0050s ]
SQL: SELECT * FROM `cmf_nav` WHERE ( id=1 ) LIMIT 1   [ RunTime:0.0000s ]
NOTIC: [8] Undefined index: url D:\outsource\thinkcmf\jme\cmf\application\Common\Controller\AppframeController.class.php 第 24 行.

[ 2016-02-24T21:09:50+08:00 ] 127.0.0.1 /index.php?g=user&m=index&a=is_login
INFO: [ app_begin ] --START--
INFO: Run Behavior\ReadHtmlCacheBehavior [ RunTime:0.001000s ]
INFO: Run Behavior\CheckLangBehavior [ RunTime:0.001000s ]
INFO: [ app_begin ] --END-- [ RunTime:0.003000s ]
SQL: SHOW COLUMNS FROM `cmf_nav` [ RunTime:0.0070s ]
SQL: SELECT * FROM `cmf_nav` WHERE ( id=1 ) LIMIT 1   [ RunTime:0.0000s ]
NOTIC: [8] Undefined index: url D:\outsource\thinkcmf\jme\cmf\application\Common\Controller\AppframeController.class.php 第 24 行.

[ 2016-02-24T21:10:12+08:00 ] 127.0.0.1 /index.php?g=user&m=index&a=is_login
INFO: [ app_begin ] --START--
INFO: Run Behavior\ReadHtmlCacheBehavior [ RunTime:0.001000s ]
INFO: Run Behavior\CheckLangBehavior [ RunTime:0.002000s ]
INFO: [ app_begin ] --END-- [ RunTime:0.004000s ]
SQL: SHOW COLUMNS FROM `cmf_nav` [ RunTime:0.0050s ]
SQL: SELECT * FROM `cmf_nav` WHERE ( id=1 ) LIMIT 1   [ RunTime:0.0000s ]
NOTIC: [8] Undefined index: url D:\outsource\thinkcmf\jme\cmf\application\Common\Controller\AppframeController.class.php 第 24 行.

[ 2016-02-24T21:10:25+08:00 ] 127.0.0.1 /index.php?g=user&m=index&a=is_login
INFO: [ app_begin ] --START--
INFO: Run Behavior\ReadHtmlCacheBehavior [ RunTime:0.001000s ]
INFO: Run Behavior\CheckLangBehavior [ RunTime:0.000000s ]
INFO: [ app_begin ] --END-- [ RunTime:0.001000s ]
SQL: SHOW COLUMNS FROM `cmf_nav` [ RunTime:0.0050s ]
SQL: SELECT * FROM `cmf_nav` WHERE ( id=1 ) LIMIT 1   [ RunTime:0.0000s ]
NOTIC: [8] Undefined index: url D:\outsource\thinkcmf\jme\cmf\application\Common\Controller\AppframeController.class.php 第 24 行.

[ 2016-02-24T21:10:56+08:00 ] 127.0.0.1 /index.php?g=user&m=index&a=is_login
INFO: [ app_begin ] --START--
INFO: Run Behavior\ReadHtmlCacheBehavior [ RunTime:0.000000s ]
INFO: Run Behavior\CheckLangBehavior [ RunTime:0.001000s ]
INFO: [ app_begin ] --END-- [ RunTime:0.002000s ]
SQL: SHOW COLUMNS FROM `cmf_nav` [ RunTime:0.0040s ]
SQL: SELECT * FROM `cmf_nav` WHERE ( id=1 ) LIMIT 1   [ RunTime:0.0010s ]
NOTIC: [8] Undefined index: url D:\outsource\thinkcmf\jme\cmf\application\Common\Controller\AppframeController.class.php 第 24 行.

[ 2016-02-24T21:11:03+08:00 ] 127.0.0.1 /index.php?g=user&m=index&a=is_login
INFO: [ app_begin ] --START--
INFO: Run Behavior\ReadHtmlCacheBehavior [ RunTime:0.001000s ]
INFO: Run Behavior\CheckLangBehavior [ RunTime:0.002000s ]
INFO: [ app_begin ] --END-- [ RunTime:0.004000s ]
SQL: SHOW COLUMNS FROM `cmf_nav` [ RunTime:0.0050s ]
SQL: SELECT * FROM `cmf_nav` WHERE ( id=1 ) LIMIT 1   [ RunTime:0.0030s ]
NOTIC: [8] Undefined index: url D:\outsource\thinkcmf\jme\cmf\application\Common\Controller\AppframeController.class.php 第 24 行.

[ 2016-02-24T21:11:09+08:00 ] 127.0.0.1 /index.php?g=user&m=index&a=is_login
INFO: [ app_begin ] --START--
INFO: Run Behavior\ReadHtmlCacheBehavior [ RunTime:0.001000s ]
INFO: Run Behavior\CheckLangBehavior [ RunTime:0.002000s ]
INFO: [ app_begin ] --END-- [ RunTime:0.003000s ]
SQL: SHOW COLUMNS FROM `cmf_nav` [ RunTime:0.0040s ]
SQL: SELECT * FROM `cmf_nav` WHERE ( id=1 ) LIMIT 1   [ RunTime:0.0000s ]
NOTIC: [8] Undefined index: url D:\outsource\thinkcmf\jme\cmf\application\Common\Controller\AppframeController.class.php 第 24 行.

[ 2016-02-24T21:11:30+08:00 ] 127.0.0.1 /index.php?g=user&m=index&a=is_login
INFO: [ app_begin ] --START--
INFO: Run Behavior\ReadHtmlCacheBehavior [ RunTime:0.001000s ]
INFO: Run Behavior\CheckLangBehavior [ RunTime:0.001000s ]
INFO: [ app_begin ] --END-- [ RunTime:0.003000s ]
SQL: SHOW COLUMNS FROM `cmf_nav` [ RunTime:0.0060s ]
SQL: SELECT * FROM `cmf_nav` WHERE ( id=1 ) LIMIT 1   [ RunTime:0.0010s ]
NOTIC: [8] Undefined index: url D:\outsource\thinkcmf\jme\cmf\application\Common\Controller\AppframeController.class.php 第 24 行.

[ 2016-02-24T21:12:03+08:00 ] 127.0.0.1 /index.php?g=user&m=index&a=is_login
INFO: [ app_begin ] --START--
INFO: Run Behavior\ReadHtmlCacheBehavior [ RunTime:0.001000s ]
INFO: Run Behavior\CheckLangBehavior [ RunTime:0.002000s ]
INFO: [ app_begin ] --END-- [ RunTime:0.003000s ]
SQL: SHOW COLUMNS FROM `cmf_nav` [ RunTime:0.0050s ]
SQL: SELECT * FROM `cmf_nav` WHERE ( id=1 ) LIMIT 1   [ RunTime:0.0030s ]
NOTIC: [8] Undefined index: url D:\outsource\thinkcmf\jme\cmf\application\Common\Controller\AppframeController.class.php 第 24 行.

[ 2016-02-24T21:12:50+08:00 ] 127.0.0.1 /index.php?g=user&m=index&a=is_login
INFO: [ app_begin ] --START--
INFO: Run Behavior\ReadHtmlCacheBehavior [ RunTime:0.000000s ]
INFO: Run Behavior\CheckLangBehavior [ RunTime:0.001000s ]
INFO: [ app_begin ] --END-- [ RunTime:0.003000s ]
SQL: SHOW COLUMNS FROM `cmf_nav` [ RunTime:0.0040s ]
SQL: SELECT * FROM `cmf_nav` WHERE ( id=1 ) LIMIT 1   [ RunTime:0.0000s ]
NOTIC: [8] Undefined index: url D:\outsource\thinkcmf\jme\cmf\application\Common\Controller\AppframeController.class.php 第 24 行.

[ 2016-02-24T21:13:41+08:00 ] 127.0.0.1 /index.php?g=user&m=index&a=is_login
INFO: [ app_begin ] --START--
INFO: Run Behavior\ReadHtmlCacheBehavior [ RunTime:0.000000s ]
INFO: Run Behavior\CheckLangBehavior [ RunTime:0.003000s ]
INFO: [ app_begin ] --END-- [ RunTime:0.004000s ]
SQL: SHOW COLUMNS FROM `cmf_nav` [ RunTime:0.0050s ]
SQL: SELECT * FROM `cmf_nav` WHERE ( id=1 ) LIMIT 1   [ RunTime:0.0010s ]
NOTIC: [8] Undefined index: url D:\outsource\thinkcmf\jme\cmf\application\Common\Controller\AppframeController.class.php 第 24 行.

[ 2016-02-24T21:15:14+08:00 ] 127.0.0.1 /index.php?g=user&m=index&a=is_login
INFO: [ app_begin ] --START--
INFO: Run Behavior\ReadHtmlCacheBehavior [ RunTime:0.001000s ]
INFO: Run Behavior\CheckLangBehavior [ RunTime:0.002000s ]
INFO: [ app_begin ] --END-- [ RunTime:0.004000s ]
SQL: SHOW COLUMNS FROM `cmf_nav` [ RunTime:0.0070s ]
SQL: SELECT * FROM `cmf_nav` WHERE ( id=1 ) LIMIT 1   [ RunTime:0.0010s ]
NOTIC: [8] Undefined index: url D:\outsource\thinkcmf\jme\cmf\application\Common\Controller\AppframeController.class.php 第 24 行.

[ 2016-02-24T21:16:02+08:00 ] 127.0.0.1 /index.php?g=user&m=index&a=is_login
INFO: [ app_begin ] --START--
INFO: Run Behavior\ReadHtmlCacheBehavior [ RunTime:0.001000s ]
INFO: Run Behavior\CheckLangBehavior [ RunTime:0.001000s ]
INFO: [ app_begin ] --END-- [ RunTime:0.003000s ]
SQL: SHOW COLUMNS FROM `cmf_nav` [ RunTime:0.0040s ]
SQL: SELECT * FROM `cmf_nav` WHERE ( id=1 ) LIMIT 1   [ RunTime:0.0010s ]
NOTIC: [8] Undefined index: url D:\outsource\thinkcmf\jme\cmf\application\Common\Controller\AppframeController.class.php 第 24 行.

[ 2016-02-24T21:16:05+08:00 ] 127.0.0.1 /index.php?g=user&m=index&a=is_login
INFO: [ app_begin ] --START--
INFO: Run Behavior\ReadHtmlCacheBehavior [ RunTime:0.001001s ]
INFO: Run Behavior\CheckLangBehavior [ RunTime:0.001000s ]
INFO: [ app_begin ] --END-- [ RunTime:0.002001s ]
SQL: SHOW COLUMNS FROM `cmf_nav` [ RunTime:0.0030s ]
SQL: SELECT * FROM `cmf_nav` WHERE ( id=1 ) LIMIT 1   [ RunTime:0.0020s ]
NOTIC: [8] Undefined index: url D:\outsource\thinkcmf\jme\cmf\application\Common\Controller\AppframeController.class.php 第 24 行.

[ 2016-02-24T21:16:45+08:00 ] 127.0.0.1 /index.php?g=user&m=index&a=is_login
INFO: [ app_begin ] --START--
INFO: Run Behavior\ReadHtmlCacheBehavior [ RunTime:0.001000s ]
INFO: Run Behavior\CheckLangBehavior [ RunTime:0.002000s ]
INFO: [ app_begin ] --END-- [ RunTime:0.003000s ]
SQL: SHOW COLUMNS FROM `cmf_nav` [ RunTime:0.0030s ]
SQL: SELECT * FROM `cmf_nav` WHERE ( id=1 ) LIMIT 1   [ RunTime:0.0000s ]
NOTIC: [8] Undefined index: url D:\outsource\thinkcmf\jme\cmf\application\Common\Controller\AppframeController.class.php 第 24 行.

[ 2016-02-24T21:16:50+08:00 ] 127.0.0.1 /index.php?g=user&m=index&a=is_login
INFO: [ app_begin ] --START--
INFO: Run Behavior\ReadHtmlCacheBehavior [ RunTime:0.000000s ]
INFO: Run Behavior\CheckLangBehavior [ RunTime:0.001000s ]
INFO: [ app_begin ] --END-- [ RunTime:0.001000s ]
SQL: SHOW COLUMNS FROM `cmf_nav` [ RunTime:0.0030s ]
SQL: SELECT * FROM `cmf_nav` WHERE ( id=1 ) LIMIT 1   [ RunTime:0.0010s ]
NOTIC: [8] Undefined index: url D:\outsource\thinkcmf\jme\cmf\application\Common\Controller\AppframeController.class.php 第 24 行.

[ 2016-02-24T21:16:51+08:00 ] 127.0.0.1 /index.php?g=user&m=index&a=is_login
INFO: [ app_begin ] --START--
INFO: Run Behavior\ReadHtmlCacheBehavior [ RunTime:0.000000s ]
INFO: Run Behavior\CheckLangBehavior [ RunTime:0.001000s ]
INFO: [ app_begin ] --END-- [ RunTime:0.002000s ]
SQL: SHOW COLUMNS FROM `cmf_nav` [ RunTime:0.0030s ]
SQL: SELECT * FROM `cmf_nav` WHERE ( id=1 ) LIMIT 1   [ RunTime:0.0000s ]
NOTIC: [8] Undefined index: url D:\outsource\thinkcmf\jme\cmf\application\Common\Controller\AppframeController.class.php 第 24 行.

[ 2016-02-24T21:17:31+08:00 ] 127.0.0.1 /index.php?g=user&m=index&a=is_login
INFO: [ app_begin ] --START--
INFO: Run Behavior\ReadHtmlCacheBehavior [ RunTime:0.001000s ]
INFO: Run Behavior\CheckLangBehavior [ RunTime:0.001000s ]
INFO: [ app_begin ] --END-- [ RunTime:0.002000s ]
SQL: SHOW COLUMNS FROM `cmf_nav` [ RunTime:0.0030s ]
SQL: SELECT * FROM `cmf_nav` WHERE ( id=1 ) LIMIT 1   [ RunTime:0.0000s ]
NOTIC: [8] Undefined index: url D:\outsource\thinkcmf\jme\cmf\application\Common\Controller\AppframeController.class.php 第 24 行.

[ 2016-02-24T21:17:36+08:00 ] 127.0.0.1 /index.php?g=user&m=index&a=is_login
INFO: [ app_begin ] --START--
INFO: Run Behavior\ReadHtmlCacheBehavior [ RunTime:0.001000s ]
INFO: Run Behavior\CheckLangBehavior [ RunTime:0.004001s ]
INFO: [ app_begin ] --END-- [ RunTime:0.005001s ]
SQL: SHOW COLUMNS FROM `cmf_nav` [ RunTime:0.0040s ]
SQL: SELECT * FROM `cmf_nav` WHERE ( id=1 ) LIMIT 1   [ RunTime:0.0000s ]
NOTIC: [8] Undefined index: url D:\outsource\thinkcmf\jme\cmf\application\Common\Controller\AppframeController.class.php 第 24 行.

[ 2016-02-24T21:17:38+08:00 ] 127.0.0.1 /index.php?g=user&m=index&a=is_login
INFO: [ app_begin ] --START--
INFO: Run Behavior\ReadHtmlCacheBehavior [ RunTime:0.001000s ]
INFO: Run Behavior\CheckLangBehavior [ RunTime:0.001000s ]
INFO: [ app_begin ] --END-- [ RunTime:0.002000s ]
SQL: SHOW COLUMNS FROM `cmf_nav` [ RunTime:0.0050s ]
SQL: SELECT * FROM `cmf_nav` WHERE ( id=1 ) LIMIT 1   [ RunTime:0.0010s ]
NOTIC: [8] Undefined index: url D:\outsource\thinkcmf\jme\cmf\application\Common\Controller\AppframeController.class.php 第 24 行.

[ 2016-02-24T21:17:40+08:00 ] 127.0.0.1 /index.php?g=user&m=index&a=is_login
INFO: [ app_begin ] --START--
INFO: Run Behavior\ReadHtmlCacheBehavior [ RunTime:0.001000s ]
INFO: Run Behavior\CheckLangBehavior [ RunTime:0.000000s ]
INFO: [ app_begin ] --END-- [ RunTime:0.001000s ]
SQL: SHOW COLUMNS FROM `cmf_nav` [ RunTime:0.0030s ]
SQL: SELECT * FROM `cmf_nav` WHERE ( id=1 ) LIMIT 1   [ RunTime:0.0000s ]
NOTIC: [8] Undefined index: url D:\outsource\thinkcmf\jme\cmf\application\Common\Controller\AppframeController.class.php 第 24 行.

[ 2016-02-24T21:18:49+08:00 ] 127.0.0.1 /index.php?g=user&m=index&a=is_login
INFO: [ app_begin ] --START--
INFO: Run Behavior\ReadHtmlCacheBehavior [ RunTime:0.001000s ]
INFO: Run Behavior\CheckLangBehavior [ RunTime:0.003001s ]
INFO: [ app_begin ] --END-- [ RunTime:0.005001s ]
SQL: SHOW COLUMNS FROM `cmf_nav` [ RunTime:0.0060s ]
SQL: SELECT * FROM `cmf_nav` WHERE ( id=1 ) LIMIT 1   [ RunTime:0.0010s ]
NOTIC: [8] Undefined index: url D:\outsource\thinkcmf\jme\cmf\application\Common\Controller\AppframeController.class.php 第 24 行.

[ 2016-02-24T21:18:51+08:00 ] 127.0.0.1 /index.php?g=user&m=index&a=is_login
INFO: [ app_begin ] --START--
INFO: Run Behavior\ReadHtmlCacheBehavior [ RunTime:0.003001s ]
INFO: Run Behavior\CheckLangBehavior [ RunTime:0.004000s ]
INFO: [ app_begin ] --END-- [ RunTime:0.009001s ]
SQL: SHOW COLUMNS FROM `cmf_nav` [ RunTime:0.0080s ]
SQL: SELECT * FROM `cmf_nav` WHERE ( id=1 ) LIMIT 1   [ RunTime:0.0000s ]
NOTIC: [8] Undefined index: url D:\outsource\thinkcmf\jme\cmf\application\Common\Controller\AppframeController.class.php 第 24 行.

[ 2016-02-24T21:20:15+08:00 ] 127.0.0.1 /index.php?g=user&m=index&a=is_login
INFO: [ app_begin ] --START--
INFO: Run Behavior\ReadHtmlCacheBehavior [ RunTime:0.001000s ]
INFO: Run Behavior\CheckLangBehavior [ RunTime:0.001000s ]
INFO: [ app_begin ] --END-- [ RunTime:0.003001s ]
SQL: SHOW COLUMNS FROM `cmf_nav` [ RunTime:0.0050s ]
SQL: SELECT * FROM `cmf_nav` WHERE ( id=1 ) LIMIT 1   [ RunTime:0.0000s ]
NOTIC: [8] Undefined index: url D:\outsource\thinkcmf\jme\cmf\application\Common\Controller\AppframeController.class.php 第 24 行.

[ 2016-02-24T21:20:17+08:00 ] 127.0.0.1 /index.php?g=user&m=index&a=is_login
INFO: [ app_begin ] --START--
INFO: Run Behavior\ReadHtmlCacheBehavior [ RunTime:0.001000s ]
INFO: Run Behavior\CheckLangBehavior [ RunTime:0.001000s ]
INFO: [ app_begin ] --END-- [ RunTime:0.003000s ]
SQL: SHOW COLUMNS FROM `cmf_nav` [ RunTime:0.0040s ]
SQL: SELECT * FROM `cmf_nav` WHERE ( id=1 ) LIMIT 1   [ RunTime:0.0010s ]
NOTIC: [8] Undefined index: url D:\outsource\thinkcmf\jme\cmf\application\Common\Controller\AppframeController.class.php 第 24 行.

[ 2016-02-24T21:20:20+08:00 ] 127.0.0.1 /index.php?g=user&m=index&a=is_login
INFO: [ app_begin ] --START--
INFO: Run Behavior\ReadHtmlCacheBehavior [ RunTime:0.000000s ]
INFO: Run Behavior\CheckLangBehavior [ RunTime:0.006001s ]
INFO: [ app_begin ] --END-- [ RunTime:0.007001s ]
SQL: SHOW COLUMNS FROM `cmf_nav` [ RunTime:0.0060s ]
SQL: SELECT * FROM `cmf_nav` WHERE ( id=1 ) LIMIT 1   [ RunTime:0.0000s ]
NOTIC: [8] Undefined index: url D:\outsource\thinkcmf\jme\cmf\application\Common\Controller\AppframeController.class.php 第 24 行.

[ 2016-02-24T21:20:23+08:00 ] 127.0.0.1 /index.php?g=user&m=index&a=is_login
INFO: [ app_begin ] --START--
INFO: Run Behavior\ReadHtmlCacheBehavior [ RunTime:0.000000s ]
INFO: Run Behavior\CheckLangBehavior [ RunTime:0.001000s ]
INFO: [ app_begin ] --END-- [ RunTime:0.002000s ]
SQL: SHOW COLUMNS FROM `cmf_nav` [ RunTime:0.0050s ]
SQL: SELECT * FROM `cmf_nav` WHERE ( id=1 ) LIMIT 1   [ RunTime:0.0010s ]
NOTIC: [8] Undefined index: url D:\outsource\thinkcmf\jme\cmf\application\Common\Controller\AppframeController.class.php 第 24 行.

[ 2016-02-24T21:20:28+08:00 ] 127.0.0.1 /index.php?g=user&m=index&a=is_login
INFO: [ app_begin ] --START--
INFO: Run Behavior\ReadHtmlCacheBehavior [ RunTime:0.000000s ]
INFO: Run Behavior\CheckLangBehavior [ RunTime:0.001000s ]
INFO: [ app_begin ] --END-- [ RunTime:0.002000s ]
SQL: SHOW COLUMNS FROM `cmf_nav` [ RunTime:0.0060s ]
SQL: SELECT * FROM `cmf_nav` WHERE ( id=1 ) LIMIT 1   [ RunTime:0.0010s ]
NOTIC: [8] Undefined index: url D:\outsource\thinkcmf\jme\cmf\application\Common\Controller\AppframeController.class.php 第 24 行.

[ 2016-02-24T21:20:31+08:00 ] 127.0.0.1 /index.php?g=user&m=index&a=is_login
INFO: [ app_begin ] --START--
INFO: Run Behavior\ReadHtmlCacheBehavior [ RunTime:0.001000s ]
INFO: Run Behavior\CheckLangBehavior [ RunTime:0.000000s ]
INFO: [ app_begin ] --END-- [ RunTime:0.001000s ]
SQL: SHOW COLUMNS FROM `cmf_nav` [ RunTime:0.0030s ]
SQL: SELECT * FROM `cmf_nav` WHERE ( id=1 ) LIMIT 1   [ RunTime:0.0010s ]
NOTIC: [8] Undefined index: url D:\outsource\thinkcmf\jme\cmf\application\Common\Controller\AppframeController.class.php 第 24 行.

[ 2016-02-24T21:20:34+08:00 ] 127.0.0.1 /index.php?g=user&m=index&a=is_login
INFO: [ app_begin ] --START--
INFO: Run Behavior\ReadHtmlCacheBehavior [ RunTime:0.001000s ]
INFO: Run Behavior\CheckLangBehavior [ RunTime:0.000000s ]
INFO: [ app_begin ] --END-- [ RunTime:0.001000s ]
SQL: SHOW COLUMNS FROM `cmf_nav` [ RunTime:0.0030s ]
SQL: SELECT * FROM `cmf_nav` WHERE ( id=1 ) LIMIT 1   [ RunTime:0.0000s ]
NOTIC: [8] Undefined index: url D:\outsource\thinkcmf\jme\cmf\application\Common\Controller\AppframeController.class.php 第 24 行.

[ 2016-02-24T21:33:28+08:00 ] 127.0.0.1 /index.php?g=user&m=index&a=is_login
INFO: [ app_begin ] --START--
INFO: Run Behavior\ReadHtmlCacheBehavior [ RunTime:0.001000s ]
INFO: Run Behavior\CheckLangBehavior [ RunTime:0.001001s ]
INFO: [ app_begin ] --END-- [ RunTime:0.002001s ]
SQL: SHOW COLUMNS FROM `cmf_nav` [ RunTime:0.0030s ]
SQL: SELECT * FROM `cmf_nav` WHERE ( id=1 ) LIMIT 1   [ RunTime:0.0000s ]
NOTIC: [2] Missing argument 3 for sp_get_submenu(), called in D:\outsource\thinkcmf\jme\cmf\application\Common\Controller\HomebaseController.class.php on line 44 and defined D:\outsource\thinkcmf\jme\cmf\application\Common\Common\function.php 第 1788 行.
NOTIC: [8] Undefined variable: order D:\outsource\thinkcmf\jme\cmf\application\Common\Common\function.php 第 1791 行.
SQL: SELECT * FROM `cmf_nav` WHERE `parentid` = 1 ORDER BY listorder ASC LIMIT 0,10   [ RunTime:0.0020s ]
NOTIC: [8] Undefined index: url D:\outsource\thinkcmf\jme\cmf\application\Common\Controller\AppframeController.class.php 第 24 行.

[ 2016-02-24T21:33:34+08:00 ] 127.0.0.1 /index.php?g=user&m=index&a=is_login
INFO: [ app_begin ] --START--
INFO: Run Behavior\ReadHtmlCacheBehavior [ RunTime:0.000000s ]
INFO: Run Behavior\CheckLangBehavior [ RunTime:0.001000s ]
INFO: [ app_begin ] --END-- [ RunTime:0.002000s ]
SQL: SHOW COLUMNS FROM `cmf_nav` [ RunTime:0.0030s ]
SQL: SELECT * FROM `cmf_nav` WHERE ( id=1 ) LIMIT 1   [ RunTime:0.0010s ]
NOTIC: [2] Missing argument 3 for sp_get_submenu(), called in D:\outsource\thinkcmf\jme\cmf\application\Common\Controller\HomebaseController.class.php on line 44 and defined D:\outsource\thinkcmf\jme\cmf\application\Common\Common\function.php 第 1788 行.
NOTIC: [8] Undefined variable: order D:\outsource\thinkcmf\jme\cmf\application\Common\Common\function.php 第 1791 行.
SQL: SELECT * FROM `cmf_nav` WHERE `parentid` = 1 ORDER BY listorder ASC LIMIT 0,10   [ RunTime:0.0000s ]
NOTIC: [8] Undefined index: url D:\outsource\thinkcmf\jme\cmf\application\Common\Controller\AppframeController.class.php 第 24 行.

[ 2016-02-24T21:33:36+08:00 ] 127.0.0.1 /index.php?g=user&m=index&a=is_login
INFO: [ app_begin ] --START--
INFO: Run Behavior\ReadHtmlCacheBehavior [ RunTime:0.001000s ]
INFO: Run Behavior\CheckLangBehavior [ RunTime:0.001000s ]
INFO: [ app_begin ] --END-- [ RunTime:0.002000s ]
SQL: SHOW COLUMNS FROM `cmf_nav` [ RunTime:0.0050s ]
SQL: SELECT * FROM `cmf_nav` WHERE ( id=1 ) LIMIT 1   [ RunTime:0.0010s ]
NOTIC: [2] Missing argument 3 for sp_get_submenu(), called in D:\outsource\thinkcmf\jme\cmf\application\Common\Controller\HomebaseController.class.php on line 44 and defined D:\outsource\thinkcmf\jme\cmf\application\Common\Common\function.php 第 1788 行.
NOTIC: [8] Undefined variable: order D:\outsource\thinkcmf\jme\cmf\application\Common\Common\function.php 第 1791 行.
SQL: SELECT * FROM `cmf_nav` WHERE `parentid` = 1 ORDER BY listorder ASC LIMIT 0,10   [ RunTime:0.0010s ]
NOTIC: [8] Undefined index: url D:\outsource\thinkcmf\jme\cmf\application\Common\Controller\AppframeController.class.php 第 24 行.

[ 2016-02-24T21:33:38+08:00 ] 127.0.0.1 /index.php?g=user&m=index&a=is_login
INFO: [ app_begin ] --START--
INFO: Run Behavior\ReadHtmlCacheBehavior [ RunTime:0.001000s ]
INFO: Run Behavior\CheckLangBehavior [ RunTime:0.001000s ]
INFO: [ app_begin ] --END-- [ RunTime:0.003000s ]
SQL: SHOW COLUMNS FROM `cmf_nav` [ RunTime:0.0030s ]
SQL: SELECT * FROM `cmf_nav` WHERE ( id=1 ) LIMIT 1   [ RunTime:0.0000s ]
NOTIC: [2] Missing argument 3 for sp_get_submenu(), called in D:\outsource\thinkcmf\jme\cmf\application\Common\Controller\HomebaseController.class.php on line 44 and defined D:\outsource\thinkcmf\jme\cmf\application\Common\Common\function.php 第 1788 行.
NOTIC: [8] Undefined variable: order D:\outsource\thinkcmf\jme\cmf\application\Common\Common\function.php 第 1791 行.
SQL: SELECT * FROM `cmf_nav` WHERE `parentid` = 1 ORDER BY listorder ASC LIMIT 0,10   [ RunTime:0.0010s ]
NOTIC: [8] Undefined index: url D:\outsource\thinkcmf\jme\cmf\application\Common\Controller\AppframeController.class.php 第 24 行.

[ 2016-02-24T21:33:41+08:00 ] 127.0.0.1 /index.php?g=user&m=index&a=is_login
INFO: [ app_begin ] --START--
INFO: Run Behavior\ReadHtmlCacheBehavior [ RunTime:0.001001s ]
INFO: Run Behavior\CheckLangBehavior [ RunTime:0.002000s ]
INFO: [ app_begin ] --END-- [ RunTime:0.003001s ]
SQL: SHOW COLUMNS FROM `cmf_nav` [ RunTime:0.0040s ]
SQL: SELECT * FROM `cmf_nav` WHERE ( id=1 ) LIMIT 1   [ RunTime:0.0010s ]
NOTIC: [2] Missing argument 3 for sp_get_submenu(), called in D:\outsource\thinkcmf\jme\cmf\application\Common\Controller\HomebaseController.class.php on line 44 and defined D:\outsource\thinkcmf\jme\cmf\application\Common\Common\function.php 第 1788 行.
NOTIC: [8] Undefined variable: order D:\outsource\thinkcmf\jme\cmf\application\Common\Common\function.php 第 1791 行.
SQL: SELECT * FROM `cmf_nav` WHERE `parentid` = 1 ORDER BY listorder ASC LIMIT 0,10   [ RunTime:0.0010s ]
NOTIC: [8] Undefined index: url D:\outsource\thinkcmf\jme\cmf\application\Common\Controller\AppframeController.class.php 第 24 行.

[ 2016-02-24T21:33:46+08:00 ] 127.0.0.1 /index.php?g=user&m=index&a=is_login
INFO: [ app_begin ] --START--
INFO: Run Behavior\ReadHtmlCacheBehavior [ RunTime:0.001000s ]
INFO: Run Behavior\CheckLangBehavior [ RunTime:0.001000s ]
INFO: [ app_begin ] --END-- [ RunTime:0.002000s ]
SQL: SHOW COLUMNS FROM `cmf_nav` [ RunTime:0.0060s ]
SQL: SELECT * FROM `cmf_nav` WHERE ( id=1 ) LIMIT 1   [ RunTime:0.0010s ]
NOTIC: [2] Missing argument 3 for sp_get_submenu(), called in D:\outsource\thinkcmf\jme\cmf\application\Common\Controller\HomebaseController.class.php on line 44 and defined D:\outsource\thinkcmf\jme\cmf\application\Common\Common\function.php 第 1788 行.
NOTIC: [8] Undefined variable: order D:\outsource\thinkcmf\jme\cmf\application\Common\Common\function.php 第 1791 行.
SQL: SELECT * FROM `cmf_nav` WHERE `parentid` = 1 ORDER BY listorder ASC LIMIT 0,10   [ RunTime:0.0010s ]
NOTIC: [8] Undefined index: url D:\outsource\thinkcmf\jme\cmf\application\Common\Controller\AppframeController.class.php 第 24 行.

[ 2016-02-24T21:33:48+08:00 ] 127.0.0.1 /index.php?g=user&m=index&a=is_login
INFO: [ app_begin ] --START--
INFO: Run Behavior\ReadHtmlCacheBehavior [ RunTime:0.001000s ]
INFO: Run Behavior\CheckLangBehavior [ RunTime:0.004000s ]
INFO: [ app_begin ] --END-- [ RunTime:0.006000s ]
SQL: SHOW COLUMNS FROM `cmf_nav` [ RunTime:0.0030s ]
SQL: SELECT * FROM `cmf_nav` WHERE ( id=1 ) LIMIT 1   [ RunTime:0.0000s ]
NOTIC: [2] Missing argument 3 for sp_get_submenu(), called in D:\outsource\thinkcmf\jme\cmf\application\Common\Controller\HomebaseController.class.php on line 44 and defined D:\outsource\thinkcmf\jme\cmf\application\Common\Common\function.php 第 1788 行.
NOTIC: [8] Undefined variable: order D:\outsource\thinkcmf\jme\cmf\application\Common\Common\function.php 第 1791 行.
SQL: SELECT * FROM `cmf_nav` WHERE `parentid` = 1 ORDER BY listorder ASC LIMIT 0,10   [ RunTime:0.0000s ]
NOTIC: [8] Undefined index: url D:\outsource\thinkcmf\jme\cmf\application\Common\Controller\AppframeController.class.php 第 24 行.

[ 2016-02-24T21:33:50+08:00 ] 127.0.0.1 /index.php?g=user&m=index&a=is_login
INFO: [ app_begin ] --START--
INFO: Run Behavior\ReadHtmlCacheBehavior [ RunTime:0.000000s ]
INFO: Run Behavior\CheckLangBehavior [ RunTime:0.002000s ]
INFO: [ app_begin ] --END-- [ RunTime:0.003000s ]
SQL: SHOW COLUMNS FROM `cmf_nav` [ RunTime:0.0040s ]
SQL: SELECT * FROM `cmf_nav` WHERE ( id=1 ) LIMIT 1   [ RunTime:0.0000s ]
NOTIC: [2] Missing argument 3 for sp_get_submenu(), called in D:\outsource\thinkcmf\jme\cmf\application\Common\Controller\HomebaseController.class.php on line 44 and defined D:\outsource\thinkcmf\jme\cmf\application\Common\Common\function.php 第 1788 行.
NOTIC: [8] Undefined variable: order D:\outsource\thinkcmf\jme\cmf\application\Common\Common\function.php 第 1791 行.
SQL: SELECT * FROM `cmf_nav` WHERE `parentid` = 1 ORDER BY listorder ASC LIMIT 0,10   [ RunTime:0.0000s ]
NOTIC: [8] Undefined index: url D:\outsource\thinkcmf\jme\cmf\application\Common\Controller\AppframeController.class.php 第 24 行.

[ 2016-02-24T21:34:06+08:00 ] 127.0.0.1 /index.php?g=user&m=index&a=is_login
INFO: [ app_begin ] --START--
INFO: Run Behavior\ReadHtmlCacheBehavior [ RunTime:0.001000s ]
INFO: Run Behavior\CheckLangBehavior [ RunTime:0.001000s ]
INFO: [ app_begin ] --END-- [ RunTime:0.002000s ]
SQL: SHOW COLUMNS FROM `cmf_nav` [ RunTime:0.0090s ]
SQL: SELECT * FROM `cmf_nav` WHERE ( id=1 ) LIMIT 1   [ RunTime:0.0010s ]
NOTIC: [2] Missing argument 3 for sp_get_submenu(), called in D:\outsource\thinkcmf\jme\cmf\application\Common\Controller\HomebaseController.class.php on line 44 and defined D:\outsource\thinkcmf\jme\cmf\application\Common\Common\function.php 第 1788 行.
NOTIC: [8] Undefined variable: order D:\outsource\thinkcmf\jme\cmf\application\Common\Common\function.php 第 1791 行.
SQL: SELECT * FROM `cmf_nav` WHERE `parentid` = 1 ORDER BY listorder ASC LIMIT 0,10   [ RunTime:0.0010s ]
NOTIC: [8] Undefined index: url D:\outsource\thinkcmf\jme\cmf\application\Common\Controller\AppframeController.class.php 第 24 行.

[ 2016-02-24T21:34:56+08:00 ] 127.0.0.1 /index.php?g=user&m=index&a=is_login
INFO: [ app_begin ] --START--
INFO: Run Behavior\ReadHtmlCacheBehavior [ RunTime:0.001000s ]
INFO: Run Behavior\CheckLangBehavior [ RunTime:0.005000s ]
INFO: [ app_begin ] --END-- [ RunTime:0.006000s ]
SQL: SHOW COLUMNS FROM `cmf_nav` [ RunTime:0.0030s ]
SQL: SELECT * FROM `cmf_nav` WHERE ( id=1 ) LIMIT 1   [ RunTime:0.0000s ]
NOTIC: [2] Missing argument 3 for sp_get_submenu(), called in D:\outsource\thinkcmf\jme\cmf\application\Common\Controller\HomebaseController.class.php on line 44 and defined D:\outsource\thinkcmf\jme\cmf\application\Common\Common\function.php 第 1788 行.
NOTIC: [8] Undefined variable: order D:\outsource\thinkcmf\jme\cmf\application\Common\Common\function.php 第 1791 行.
SQL: SELECT * FROM `cmf_nav` WHERE `parentid` = 1 ORDER BY listorder ASC LIMIT 0,10   [ RunTime:0.0000s ]

[ 2016-02-24T21:36:05+08:00 ] 127.0.0.1 /index.php?g=user&m=index&a=is_login
INFO: [ app_begin ] --START--
INFO: Run Behavior\ReadHtmlCacheBehavior [ RunTime:0.001000s ]
INFO: Run Behavior\CheckLangBehavior [ RunTime:0.002000s ]
INFO: [ app_begin ] --END-- [ RunTime:0.009000s ]
SQL: SHOW COLUMNS FROM `cmf_nav` [ RunTime:0.0050s ]
SQL: SELECT * FROM `cmf_nav` WHERE ( id=1 ) LIMIT 1   [ RunTime:0.0010s ]
NOTIC: [2] Missing argument 4 for sp_get_submenu(), called in D:\outsource\thinkcmf\jme\cmf\application\Common\Controller\HomebaseController.class.php on line 44 and defined D:\outsource\thinkcmf\jme\cmf\application\Common\Common\function.php 第 1788 行.
NOTIC: [8] Undefined variable: order D:\outsource\thinkcmf\jme\cmf\application\Common\Common\function.php 第 1791 行.
SQL: SELECT * FROM `cmf_nav` WHERE `parentid` = 1 ORDER BY listorder ASC LIMIT 0,1   [ RunTime:0.0010s ]
NOTIC: [8] Undefined index: url D:\outsource\thinkcmf\jme\cmf\application\Common\Controller\AppframeController.class.php 第 24 行.

[ 2016-02-24T21:36:06+08:00 ] 127.0.0.1 /index.php?g=user&m=index&a=is_login
INFO: [ app_begin ] --START--
INFO: Run Behavior\ReadHtmlCacheBehavior [ RunTime:0.001000s ]
INFO: Run Behavior\CheckLangBehavior [ RunTime:0.001001s ]
INFO: [ app_begin ] --END-- [ RunTime:0.002001s ]
SQL: SHOW COLUMNS FROM `cmf_nav` [ RunTime:0.0180s ]
SQL: SELECT * FROM `cmf_nav` WHERE ( id=1 ) LIMIT 1   [ RunTime:0.0000s ]
NOTIC: [2] Missing argument 4 for sp_get_submenu(), called in D:\outsource\thinkcmf\jme\cmf\application\Common\Controller\HomebaseController.class.php on line 44 and defined D:\outsource\thinkcmf\jme\cmf\application\Common\Common\function.php 第 1788 行.
NOTIC: [8] Undefined variable: order D:\outsource\thinkcmf\jme\cmf\application\Common\Common\function.php 第 1791 行.
SQL: SELECT * FROM `cmf_nav` WHERE `parentid` = 1 ORDER BY listorder ASC LIMIT 0,1   [ RunTime:0.0000s ]
NOTIC: [8] Undefined index: url D:\outsource\thinkcmf\jme\cmf\application\Common\Controller\AppframeController.class.php 第 24 行.

[ 2016-02-24T21:36:07+08:00 ] 127.0.0.1 /index.php?g=user&m=index&a=is_login
INFO: [ app_begin ] --START--
INFO: Run Behavior\ReadHtmlCacheBehavior [ RunTime:0.001000s ]
INFO: Run Behavior\CheckLangBehavior [ RunTime:0.001000s ]
INFO: [ app_begin ] --END-- [ RunTime:0.003000s ]
SQL: SHOW COLUMNS FROM `cmf_nav` [ RunTime:0.0160s ]
SQL: SELECT * FROM `cmf_nav` WHERE ( id=1 ) LIMIT 1   [ RunTime:0.0000s ]
NOTIC: [2] Missing argument 4 for sp_get_submenu(), called in D:\outsource\thinkcmf\jme\cmf\application\Common\Controller\HomebaseController.class.php on line 44 and defined D:\outsource\thinkcmf\jme\cmf\application\Common\Common\function.php 第 1788 行.
NOTIC: [8] Undefined variable: order D:\outsource\thinkcmf\jme\cmf\application\Common\Common\function.php 第 1791 行.
SQL: SELECT * FROM `cmf_nav` WHERE `parentid` = 1 ORDER BY listorder ASC LIMIT 0,1   [ RunTime:0.0010s ]
NOTIC: [8] Undefined index: url D:\outsource\thinkcmf\jme\cmf\application\Common\Controller\AppframeController.class.php 第 24 行.

[ 2016-02-24T21:36:10+08:00 ] 127.0.0.1 /index.php?g=user&m=index&a=is_login
INFO: [ app_begin ] --START--
INFO: Run Behavior\ReadHtmlCacheBehavior [ RunTime:0.002000s ]
INFO: Run Behavior\CheckLangBehavior [ RunTime:0.003001s ]
INFO: [ app_begin ] --END-- [ RunTime:0.005001s ]
SQL: SHOW COLUMNS FROM `cmf_nav` [ RunTime:0.0050s ]
SQL: SELECT * FROM `cmf_nav` WHERE ( id=1 ) LIMIT 1   [ RunTime:0.0010s ]
NOTIC: [2] Missing argument 4 for sp_get_submenu(), called in D:\outsource\thinkcmf\jme\cmf\application\Common\Controller\HomebaseController.class.php on line 44 and defined D:\outsource\thinkcmf\jme\cmf\application\Common\Common\function.php 第 1788 行.
NOTIC: [8] Undefined variable: order D:\outsource\thinkcmf\jme\cmf\application\Common\Common\function.php 第 1791 行.
SQL: SELECT * FROM `cmf_nav` WHERE `parentid` = 1 ORDER BY listorder ASC LIMIT 0,1   [ RunTime:0.0010s ]
NOTIC: [8] Undefined index: url D:\outsource\thinkcmf\jme\cmf\application\Common\Controller\AppframeController.class.php 第 24 行.

[ 2016-02-24T21:36:31+08:00 ] 127.0.0.1 /index.php?g=user&m=index&a=is_login
INFO: [ app_begin ] --START--
INFO: Run Behavior\ReadHtmlCacheBehavior [ RunTime:0.000000s ]
INFO: Run Behavior\CheckLangBehavior [ RunTime:0.002000s ]
INFO: [ app_begin ] --END-- [ RunTime:0.003000s ]
SQL: SHOW COLUMNS FROM `cmf_nav` [ RunTime:0.0050s ]
SQL: SELECT * FROM `cmf_nav` WHERE ( id=1 ) LIMIT 1   [ RunTime:0.0050s ]
NOTIC: [2] Missing argument 4 for sp_get_submenu(), called in D:\outsource\thinkcmf\jme\cmf\application\Common\Controller\HomebaseController.class.php on line 44 and defined D:\outsource\thinkcmf\jme\cmf\application\Common\Common\function.php 第 1788 行.
NOTIC: [8] Undefined variable: order D:\outsource\thinkcmf\jme\cmf\application\Common\Common\function.php 第 1791 行.
SQL: SELECT * FROM `cmf_nav` WHERE `parentid` = 1 ORDER BY listorder ASC LIMIT 0,1   [ RunTime:0.0010s ]

[ 2016-02-24T21:37:23+08:00 ] 127.0.0.1 /index.php?g=user&m=index&a=is_login
INFO: [ app_begin ] --START--
INFO: Run Behavior\ReadHtmlCacheBehavior [ RunTime:0.000000s ]
INFO: Run Behavior\CheckLangBehavior [ RunTime:0.000000s ]
INFO: [ app_begin ] --END-- [ RunTime:0.001000s ]
SQL: SHOW COLUMNS FROM `cmf_nav` [ RunTime:0.0050s ]
SQL: SELECT * FROM `cmf_nav` WHERE ( id=1 ) LIMIT 1   [ RunTime:0.0000s ]
NOTIC: [2] Missing argument 4 for sp_get_submenu(), called in D:\outsource\thinkcmf\jme\cmf\application\Common\Controller\HomebaseController.class.php on line 44 and defined D:\outsource\thinkcmf\jme\cmf\application\Common\Common\function.php 第 1788 行.
NOTIC: [8] Undefined variable: order D:\outsource\thinkcmf\jme\cmf\application\Common\Common\function.php 第 1791 行.
SQL: SELECT * FROM `cmf_nav` WHERE `parentid` = 1 ORDER BY listorder ASC LIMIT 0,1   [ RunTime:0.0000s ]
NOTIC: [8] Undefined index: url D:\outsource\thinkcmf\jme\cmf\application\Common\Controller\AppframeController.class.php 第 24 行.

[ 2016-02-24T21:37:25+08:00 ] 127.0.0.1 /index.php?g=user&m=index&a=is_login
INFO: [ app_begin ] --START--
INFO: Run Behavior\ReadHtmlCacheBehavior [ RunTime:0.001000s ]
INFO: Run Behavior\CheckLangBehavior [ RunTime:0.000000s ]
INFO: [ app_begin ] --END-- [ RunTime:0.001000s ]
SQL: SHOW COLUMNS FROM `cmf_nav` [ RunTime:0.0040s ]
SQL: SELECT * FROM `cmf_nav` WHERE ( id=1 ) LIMIT 1   [ RunTime:0.0000s ]
NOTIC: [2] Missing argument 4 for sp_get_submenu(), called in D:\outsource\thinkcmf\jme\cmf\application\Common\Controller\HomebaseController.class.php on line 44 and defined D:\outsource\thinkcmf\jme\cmf\application\Common\Common\function.php 第 1788 行.
NOTIC: [8] Undefined variable: order D:\outsource\thinkcmf\jme\cmf\application\Common\Common\function.php 第 1791 行.
SQL: SELECT * FROM `cmf_nav` WHERE `parentid` = 1 ORDER BY listorder ASC LIMIT 0,1   [ RunTime:0.0000s ]
NOTIC: [8] Undefined index: url D:\outsource\thinkcmf\jme\cmf\application\Common\Controller\AppframeController.class.php 第 24 行.

[ 2016-02-24T21:37:34+08:00 ] 127.0.0.1 /index.php?g=user&m=index&a=is_login
INFO: [ app_begin ] --START--
INFO: Run Behavior\ReadHtmlCacheBehavior [ RunTime:0.002000s ]
INFO: Run Behavior\CheckLangBehavior [ RunTime:0.001000s ]
INFO: [ app_begin ] --END-- [ RunTime:0.004000s ]
SQL: SHOW COLUMNS FROM `cmf_nav` [ RunTime:0.0130s ]
SQL: SELECT * FROM `cmf_nav` WHERE ( id=1 ) LIMIT 1   [ RunTime:0.0000s ]
NOTIC: [2] Missing argument 4 for sp_get_submenu(), called in D:\outsource\thinkcmf\jme\cmf\application\Common\Controller\HomebaseController.class.php on line 44 and defined D:\outsource\thinkcmf\jme\cmf\application\Common\Common\function.php 第 1788 行.
NOTIC: [8] Undefined variable: order D:\outsource\thinkcmf\jme\cmf\application\Common\Common\function.php 第 1791 行.
SQL: SELECT * FROM `cmf_nav` WHERE `parentid` = 1 ORDER BY listorder ASC LIMIT 0,1   [ RunTime:0.0010s ]
NOTIC: [8] Undefined index: url D:\outsource\thinkcmf\jme\cmf\application\Common\Controller\AppframeController.class.php 第 24 行.

[ 2016-02-24T21:37:39+08:00 ] 127.0.0.1 /index.php?g=user&m=index&a=is_login
INFO: [ app_begin ] --START--
INFO: Run Behavior\ReadHtmlCacheBehavior [ RunTime:0.001000s ]
INFO: Run Behavior\CheckLangBehavior [ RunTime:0.001000s ]
INFO: [ app_begin ] --END-- [ RunTime:0.003000s ]
SQL: SHOW COLUMNS FROM `cmf_nav` [ RunTime:0.0080s ]
SQL: SELECT * FROM `cmf_nav` WHERE ( id=1 ) LIMIT 1   [ RunTime:0.0010s ]
NOTIC: [2] Missing argument 4 for sp_get_submenu(), called in D:\outsource\thinkcmf\jme\cmf\application\Common\Controller\HomebaseController.class.php on line 44 and defined D:\outsource\thinkcmf\jme\cmf\application\Common\Common\function.php 第 1788 行.
NOTIC: [8] Undefined variable: order D:\outsource\thinkcmf\jme\cmf\application\Common\Common\function.php 第 1791 行.
SQL: SELECT * FROM `cmf_nav` WHERE `parentid` = 1 ORDER BY listorder ASC LIMIT 0,1   [ RunTime:0.0010s ]
NOTIC: [8] Undefined index: url D:\outsource\thinkcmf\jme\cmf\application\Common\Controller\AppframeController.class.php 第 24 行.

[ 2016-02-24T21:38:50+08:00 ] 127.0.0.1 /index.php?g=user&m=index&a=is_login
INFO: [ app_begin ] --START--
INFO: Run Behavior\ReadHtmlCacheBehavior [ RunTime:0.001000s ]
INFO: Run Behavior\CheckLangBehavior [ RunTime:0.002000s ]
INFO: [ app_begin ] --END-- [ RunTime:0.003000s ]
SQL: SHOW COLUMNS FROM `cmf_nav` [ RunTime:0.0090s ]
SQL: SELECT * FROM `cmf_nav` WHERE ( id=1 ) LIMIT 1   [ RunTime:0.0020s ]
NOTIC: [2] Missing argument 4 for sp_get_submenu(), called in D:\outsource\thinkcmf\jme\cmf\application\Common\Controller\HomebaseController.class.php on line 44 and defined D:\outsource\thinkcmf\jme\cmf\application\Common\Common\function.php 第 1788 行.
NOTIC: [8] Undefined variable: order D:\outsource\thinkcmf\jme\cmf\application\Common\Common\function.php 第 1791 行.
SQL: SELECT * FROM `cmf_nav` WHERE `parentid` = 1 ORDER BY listorder ASC LIMIT 0,1   [ RunTime:0.0010s ]
NOTIC: [8] Undefined index: url D:\outsource\thinkcmf\jme\cmf\application\Common\Controller\AppframeController.class.php 第 24 行.

[ 2016-02-24T21:38:51+08:00 ] 127.0.0.1 /index.php?g=user&m=index&a=is_login
INFO: [ app_begin ] --START--
INFO: Run Behavior\ReadHtmlCacheBehavior [ RunTime:0.002000s ]
INFO: Run Behavior\CheckLangBehavior [ RunTime:0.002000s ]
INFO: [ app_begin ] --END-- [ RunTime:0.006000s ]
SQL: SHOW COLUMNS FROM `cmf_nav` [ RunTime:0.0040s ]
SQL: SELECT * FROM `cmf_nav` WHERE ( id=1 ) LIMIT 1   [ RunTime:0.0000s ]
NOTIC: [2] Missing argument 4 for sp_get_submenu(), called in D:\outsource\thinkcmf\jme\cmf\application\Common\Controller\HomebaseController.class.php on line 44 and defined D:\outsource\thinkcmf\jme\cmf\application\Common\Common\function.php 第 1788 行.
NOTIC: [8] Undefined variable: order D:\outsource\thinkcmf\jme\cmf\application\Common\Common\function.php 第 1791 行.
SQL: SELECT * FROM `cmf_nav` WHERE `parentid` = 1 ORDER BY listorder ASC LIMIT 0,1   [ RunTime:0.0000s ]
NOTIC: [8] Undefined index: url D:\outsource\thinkcmf\jme\cmf\application\Common\Controller\AppframeController.class.php 第 24 行.

[ 2016-02-24T21:38:56+08:00 ] 127.0.0.1 /index.php?g=user&m=index&a=is_login
INFO: [ app_begin ] --START--
INFO: Run Behavior\ReadHtmlCacheBehavior [ RunTime:0.001000s ]
INFO: Run Behavior\CheckLangBehavior [ RunTime:0.001000s ]
INFO: [ app_begin ] --END-- [ RunTime:0.003000s ]
SQL: SHOW COLUMNS FROM `cmf_nav` [ RunTime:0.0070s ]
SQL: SELECT * FROM `cmf_nav` WHERE ( id=1 ) LIMIT 1   [ RunTime:0.0000s ]
NOTIC: [2] Missing argument 4 for sp_get_submenu(), called in D:\outsource\thinkcmf\jme\cmf\application\Common\Controller\HomebaseController.class.php on line 44 and defined D:\outsource\thinkcmf\jme\cmf\application\Common\Common\function.php 第 1788 行.
NOTIC: [8] Undefined variable: order D:\outsource\thinkcmf\jme\cmf\application\Common\Common\function.php 第 1791 行.
SQL: SELECT * FROM `cmf_nav` WHERE `parentid` = 1 ORDER BY listorder ASC LIMIT 0,1   [ RunTime:0.0000s ]
NOTIC: [8] Undefined index: url D:\outsource\thinkcmf\jme\cmf\application\Common\Controller\AppframeController.class.php 第 24 行.

[ 2016-02-24T21:39:00+08:00 ] 127.0.0.1 /index.php?g=user&m=index&a=is_login
INFO: [ app_begin ] --START--
INFO: Run Behavior\ReadHtmlCacheBehavior [ RunTime:0.001000s ]
INFO: Run Behavior\CheckLangBehavior [ RunTime:0.001000s ]
INFO: [ app_begin ] --END-- [ RunTime:0.003000s ]
SQL: SHOW COLUMNS FROM `cmf_nav` [ RunTime:0.0040s ]
SQL: SELECT * FROM `cmf_nav` WHERE ( id=1 ) LIMIT 1   [ RunTime:0.0000s ]
NOTIC: [2] Missing argument 4 for sp_get_submenu(), called in D:\outsource\thinkcmf\jme\cmf\application\Common\Controller\HomebaseController.class.php on line 44 and defined D:\outsource\thinkcmf\jme\cmf\application\Common\Common\function.php 第 1788 行.
NOTIC: [8] Undefined variable: order D:\outsource\thinkcmf\jme\cmf\application\Common\Common\function.php 第 1791 行.
SQL: SELECT * FROM `cmf_nav` WHERE `parentid` = 1 ORDER BY listorder ASC LIMIT 0,1   [ RunTime:0.0010s ]
NOTIC: [8] Undefined index: url D:\outsource\thinkcmf\jme\cmf\application\Common\Controller\AppframeController.class.php 第 24 行.

[ 2016-02-24T21:39:02+08:00 ] 127.0.0.1 /index.php?g=user&m=index&a=is_login
INFO: [ app_begin ] --START--
INFO: Run Behavior\ReadHtmlCacheBehavior [ RunTime:0.001000s ]
INFO: Run Behavior\CheckLangBehavior [ RunTime:0.003001s ]
INFO: [ app_begin ] --END-- [ RunTime:0.007001s ]
SQL: SHOW COLUMNS FROM `cmf_nav` [ RunTime:0.0050s ]
SQL: SELECT * FROM `cmf_nav` WHERE ( id=1 ) LIMIT 1   [ RunTime:0.0010s ]
NOTIC: [2] Missing argument 4 for sp_get_submenu(), called in D:\outsource\thinkcmf\jme\cmf\application\Common\Controller\HomebaseController.class.php on line 44 and defined D:\outsource\thinkcmf\jme\cmf\application\Common\Common\function.php 第 1788 行.
NOTIC: [8] Undefined variable: order D:\outsource\thinkcmf\jme\cmf\application\Common\Common\function.php 第 1791 行.
SQL: SELECT * FROM `cmf_nav` WHERE `parentid` = 1 ORDER BY listorder ASC LIMIT 0,1   [ RunTime:0.0010s ]
NOTIC: [8] Undefined index: url D:\outsource\thinkcmf\jme\cmf\application\Common\Controller\AppframeController.class.php 第 24 行.

[ 2016-02-24T21:39:04+08:00 ] 127.0.0.1 /index.php?g=user&m=index&a=is_login
INFO: [ app_begin ] --START--
INFO: Run Behavior\ReadHtmlCacheBehavior [ RunTime:0.001001s ]
INFO: Run Behavior\CheckLangBehavior [ RunTime:0.002000s ]
INFO: [ app_begin ] --END-- [ RunTime:0.003001s ]
SQL: SHOW COLUMNS FROM `cmf_nav` [ RunTime:0.0040s ]
SQL: SELECT * FROM `cmf_nav` WHERE ( id=1 ) LIMIT 1   [ RunTime:0.0010s ]
NOTIC: [2] Missing argument 4 for sp_get_submenu(), called in D:\outsource\thinkcmf\jme\cmf\application\Common\Controller\HomebaseController.class.php on line 44 and defined D:\outsource\thinkcmf\jme\cmf\application\Common\Common\function.php 第 1788 行.
NOTIC: [8] Undefined variable: order D:\outsource\thinkcmf\jme\cmf\application\Common\Common\function.php 第 1791 行.
SQL: SELECT * FROM `cmf_nav` WHERE `parentid` = 1 ORDER BY listorder ASC LIMIT 0,1   [ RunTime:0.0000s ]
NOTIC: [8] Undefined index: url D:\outsource\thinkcmf\jme\cmf\application\Common\Controller\AppframeController.class.php 第 24 行.

[ 2016-02-24T21:48:39+08:00 ] 127.0.0.1 /index.php?g=user&m=index&a=is_login
INFO: [ app_begin ] --START--
INFO: Run Behavior\ReadHtmlCacheBehavior [ RunTime:0.001000s ]
INFO: Run Behavior\CheckLangBehavior [ RunTime:0.001000s ]
INFO: [ app_begin ] --END-- [ RunTime:0.003000s ]
SQL: SHOW COLUMNS FROM `cmf_nav` [ RunTime:0.0060s ]
SQL: SELECT * FROM `cmf_nav` WHERE ( id=1 ) LIMIT 1   [ RunTime:0.0000s ]
NOTIC: [2] Missing argument 4 for sp_get_submenu(), called in D:\outsource\thinkcmf\jme\cmf\application\Common\Controller\HomebaseController.class.php on line 44 and defined D:\outsource\thinkcmf\jme\cmf\application\Common\Common\function.php 第 1788 行.
NOTIC: [8] Undefined variable: order D:\outsource\thinkcmf\jme\cmf\application\Common\Common\function.php 第 1791 行.
SQL: SELECT * FROM `cmf_nav` WHERE `parentid` = 1 ORDER BY listorder ASC LIMIT 0,1   [ RunTime:0.0000s ]
NOTIC: [8] Undefined index: url D:\outsource\thinkcmf\jme\cmf\application\Common\Controller\AppframeController.class.php 第 24 行.

[ 2016-02-24T21:48:40+08:00 ] 127.0.0.1 /index.php?g=user&m=index&a=is_login
INFO: [ app_begin ] --START--
INFO: Run Behavior\ReadHtmlCacheBehavior [ RunTime:0.001000s ]
INFO: Run Behavior\CheckLangBehavior [ RunTime:0.001000s ]
INFO: [ app_begin ] --END-- [ RunTime:0.002000s ]
SQL: SHOW COLUMNS FROM `cmf_nav` [ RunTime:0.0030s ]
SQL: SELECT * FROM `cmf_nav` WHERE ( id=1 ) LIMIT 1   [ RunTime:0.0010s ]
NOTIC: [2] Missing argument 4 for sp_get_submenu(), called in D:\outsource\thinkcmf\jme\cmf\application\Common\Controller\HomebaseController.class.php on line 44 and defined D:\outsource\thinkcmf\jme\cmf\application\Common\Common\function.php 第 1788 行.
NOTIC: [8] Undefined variable: order D:\outsource\thinkcmf\jme\cmf\application\Common\Common\function.php 第 1791 行.
SQL: SELECT * FROM `cmf_nav` WHERE `parentid` = 1 ORDER BY listorder ASC LIMIT 0,1   [ RunTime:0.0010s ]
NOTIC: [8] Undefined index: url D:\outsource\thinkcmf\jme\cmf\application\Common\Controller\AppframeController.class.php 第 24 行.

[ 2016-02-24T21:51:36+08:00 ] 127.0.0.1 /index.php?g=user&m=index&a=is_login
INFO: [ app_begin ] --START--
INFO: Run Behavior\ReadHtmlCacheBehavior [ RunTime:0.002000s ]
INFO: Run Behavior\CheckLangBehavior [ RunTime:0.002000s ]
INFO: [ app_begin ] --END-- [ RunTime:0.004000s ]
SQL: SHOW COLUMNS FROM `cmf_nav` [ RunTime:0.0040s ]
SQL: SELECT * FROM `cmf_nav` WHERE ( id=1 ) LIMIT 1   [ RunTime:0.0010s ]
NOTIC: [2] Missing argument 4 for sp_get_submenu(), called in D:\outsource\thinkcmf\jme\cmf\application\Common\Controller\HomebaseController.class.php on line 44 and defined D:\outsource\thinkcmf\jme\cmf\application\Common\Common\function.php 第 1788 行.
NOTIC: [8] Undefined variable: order D:\outsource\thinkcmf\jme\cmf\application\Common\Common\function.php 第 1791 行.
SQL: SELECT * FROM `cmf_nav` WHERE `parentid` = 1 ORDER BY listorder ASC LIMIT 0,1   [ RunTime:0.0000s ]
NOTIC: [8] Undefined index: url D:\outsource\thinkcmf\jme\cmf\application\Common\Controller\AppframeController.class.php 第 24 行.

[ 2016-02-24T21:52:00+08:00 ] 127.0.0.1 /index.php?g=user&m=index&a=is_login
INFO: [ app_begin ] --START--
INFO: Run Behavior\ReadHtmlCacheBehavior [ RunTime:0.001000s ]
INFO: Run Behavior\CheckLangBehavior [ RunTime:0.002000s ]
INFO: [ app_begin ] --END-- [ RunTime:0.003000s ]
SQL: SHOW COLUMNS FROM `cmf_nav` [ RunTime:0.0050s ]
SQL: SELECT * FROM `cmf_nav` WHERE ( id=1 ) LIMIT 1   [ RunTime:0.0000s ]
NOTIC: [2] Missing argument 4 for sp_get_submenu(), called in D:\outsource\thinkcmf\jme\cmf\application\Common\Controller\HomebaseController.class.php on line 44 and defined D:\outsource\thinkcmf\jme\cmf\application\Common\Common\function.php 第 1788 行.
NOTIC: [8] Undefined variable: order D:\outsource\thinkcmf\jme\cmf\application\Common\Common\function.php 第 1791 行.
SQL: SELECT * FROM `cmf_nav` WHERE `parentid` = 1 ORDER BY listorder ASC LIMIT 0,1   [ RunTime:0.0010s ]
NOTIC: [8] Undefined index: url D:\outsource\thinkcmf\jme\cmf\application\Common\Controller\AppframeController.class.php 第 24 行.

[ 2016-02-24T21:52:07+08:00 ] 127.0.0.1 /index.php?g=user&m=index&a=is_login
INFO: [ app_begin ] --START--
INFO: Run Behavior\ReadHtmlCacheBehavior [ RunTime:0.001000s ]
INFO: Run Behavior\CheckLangBehavior [ RunTime:0.005000s ]
INFO: [ app_begin ] --END-- [ RunTime:0.006000s ]
SQL: SHOW COLUMNS FROM `cmf_nav` [ RunTime:0.0140s ]
SQL: SELECT * FROM `cmf_nav` WHERE ( id=1 ) LIMIT 1   [ RunTime:0.0010s ]
NOTIC: [2] Missing argument 4 for sp_get_submenu(), called in D:\outsource\thinkcmf\jme\cmf\application\Common\Controller\HomebaseController.class.php on line 44 and defined D:\outsource\thinkcmf\jme\cmf\application\Common\Common\function.php 第 1788 行.
NOTIC: [8] Undefined variable: order D:\outsource\thinkcmf\jme\cmf\application\Common\Common\function.php 第 1791 行.
SQL: SELECT * FROM `cmf_nav` WHERE `parentid` = 1 ORDER BY listorder ASC LIMIT 0,1   [ RunTime:0.0060s ]
NOTIC: [8] Undefined index: url D:\outsource\thinkcmf\jme\cmf\application\Common\Controller\AppframeController.class.php 第 24 行.

[ 2016-02-24T21:52:53+08:00 ] 127.0.0.1 /index.php?g=user&m=index&a=is_login
INFO: [ app_begin ] --START--
INFO: Run Behavior\ReadHtmlCacheBehavior [ RunTime:0.001000s ]
INFO: Run Behavior\CheckLangBehavior [ RunTime:0.002000s ]
INFO: [ app_begin ] --END-- [ RunTime:0.005001s ]
SQL: SHOW COLUMNS FROM `cmf_nav` [ RunTime:0.0040s ]
SQL: SELECT * FROM `cmf_nav` WHERE ( id=1 ) LIMIT 1   [ RunTime:0.0000s ]
NOTIC: [2] Missing argument 4 for sp_get_submenu(), called in D:\outsource\thinkcmf\jme\cmf\application\Common\Controller\HomebaseController.class.php on line 44 and defined D:\outsource\thinkcmf\jme\cmf\application\Common\Common\function.php 第 1788 行.
NOTIC: [8] Undefined variable: order D:\outsource\thinkcmf\jme\cmf\application\Common\Common\function.php 第 1791 行.
SQL: SELECT * FROM `cmf_nav` WHERE `parentid` = 1 ORDER BY listorder ASC LIMIT 0,1   [ RunTime:0.0010s ]
NOTIC: [8] Undefined index: url D:\outsource\thinkcmf\jme\cmf\application\Common\Controller\AppframeController.class.php 第 24 行.

[ 2016-02-24T21:53:51+08:00 ] 127.0.0.1 /index.php?g=user&m=index&a=is_login
INFO: [ app_begin ] --START--
INFO: Run Behavior\ReadHtmlCacheBehavior [ RunTime:0.001000s ]
INFO: Run Behavior\CheckLangBehavior [ RunTime:0.001000s ]
INFO: [ app_begin ] --END-- [ RunTime:0.003000s ]
SQL: SHOW COLUMNS FROM `cmf_nav` [ RunTime:0.0040s ]
SQL: SELECT * FROM `cmf_nav` WHERE ( id=1 ) LIMIT 1   [ RunTime:0.0000s ]
NOTIC: [2] Missing argument 4 for sp_get_submenu(), called in D:\outsource\thinkcmf\jme\cmf\application\Common\Controller\HomebaseController.class.php on line 44 and defined D:\outsource\thinkcmf\jme\cmf\application\Common\Common\function.php 第 1788 行.
NOTIC: [8] Undefined variable: order D:\outsource\thinkcmf\jme\cmf\application\Common\Common\function.php 第 1791 行.
SQL: SELECT * FROM `cmf_nav` WHERE `parentid` = 1 ORDER BY listorder ASC LIMIT 0,1   [ RunTime:0.0000s ]
NOTIC: [8] Undefined index: url D:\outsource\thinkcmf\jme\cmf\application\Common\Controller\AppframeController.class.php 第 24 行.

[ 2016-02-24T21:53:56+08:00 ] 127.0.0.1 /index.php?g=user&m=index&a=is_login
INFO: [ app_begin ] --START--
INFO: Run Behavior\ReadHtmlCacheBehavior [ RunTime:0.001000s ]
INFO: Run Behavior\CheckLangBehavior [ RunTime:0.000000s ]
INFO: [ app_begin ] --END-- [ RunTime:0.002000s ]
SQL: SHOW COLUMNS FROM `cmf_nav` [ RunTime:0.0030s ]
SQL: SELECT * FROM `cmf_nav` WHERE ( id=1 ) LIMIT 1   [ RunTime:0.0000s ]
NOTIC: [2] Missing argument 4 for sp_get_submenu(), called in D:\outsource\thinkcmf\jme\cmf\application\Common\Controller\HomebaseController.class.php on line 44 and defined D:\outsource\thinkcmf\jme\cmf\application\Common\Common\function.php 第 1788 行.
NOTIC: [8] Undefined variable: order D:\outsource\thinkcmf\jme\cmf\application\Common\Common\function.php 第 1791 行.
SQL: SELECT * FROM `cmf_nav` WHERE `parentid` = 1 ORDER BY listorder ASC LIMIT 0,1   [ RunTime:0.0000s ]
NOTIC: [8] Undefined index: url D:\outsource\thinkcmf\jme\cmf\application\Common\Controller\AppframeController.class.php 第 24 行.

[ 2016-02-24T21:54:00+08:00 ] 127.0.0.1 /index.php?g=user&m=index&a=is_login
INFO: [ app_begin ] --START--
INFO: Run Behavior\ReadHtmlCacheBehavior [ RunTime:0.002000s ]
INFO: Run Behavior\CheckLangBehavior [ RunTime:0.001000s ]
INFO: [ app_begin ] --END-- [ RunTime:0.003000s ]
SQL: SHOW COLUMNS FROM `cmf_nav` [ RunTime:0.0040s ]
SQL: SELECT * FROM `cmf_nav` WHERE ( id=1 ) LIMIT 1   [ RunTime:0.0000s ]
NOTIC: [2] Missing argument 4 for sp_get_submenu(), called in D:\outsource\thinkcmf\jme\cmf\application\Common\Controller\HomebaseController.class.php on line 44 and defined D:\outsource\thinkcmf\jme\cmf\application\Common\Common\function.php 第 1788 行.
NOTIC: [8] Undefined variable: order D:\outsource\thinkcmf\jme\cmf\application\Common\Common\function.php 第 1791 行.
SQL: SELECT * FROM `cmf_nav` WHERE `parentid` = 1 ORDER BY listorder ASC LIMIT 0,1   [ RunTime:0.0000s ]
NOTIC: [8] Undefined index: url D:\outsource\thinkcmf\jme\cmf\application\Common\Controller\AppframeController.class.php 第 24 行.

[ 2016-02-24T21:56:08+08:00 ] 127.0.0.1 /index.php?g=user&m=index&a=is_login
INFO: [ app_begin ] --START--
INFO: Run Behavior\ReadHtmlCacheBehavior [ RunTime:0.004001s ]
INFO: Run Behavior\CheckLangBehavior [ RunTime:0.002000s ]
INFO: [ app_begin ] --END-- [ RunTime:0.008001s ]
SQL: SHOW COLUMNS FROM `cmf_nav` [ RunTime:0.0040s ]
SQL: SELECT * FROM `cmf_nav` WHERE ( id=1 ) LIMIT 1   [ RunTime:0.0000s ]
NOTIC: [2] Missing argument 4 for sp_get_submenu(), called in D:\outsource\thinkcmf\jme\cmf\application\Common\Controller\HomebaseController.class.php on line 44 and defined D:\outsource\thinkcmf\jme\cmf\application\Common\Common\function.php 第 1788 行.
NOTIC: [8] Undefined variable: order D:\outsource\thinkcmf\jme\cmf\application\Common\Common\function.php 第 1791 行.
SQL: SELECT * FROM `cmf_nav` WHERE `parentid` = 1 ORDER BY listorder ASC LIMIT 0,1   [ RunTime:0.0000s ]
NOTIC: [8] Undefined index: url D:\outsource\thinkcmf\jme\cmf\application\Common\Controller\AppframeController.class.php 第 24 行.

[ 2016-02-24T21:56:33+08:00 ] 127.0.0.1 /index.php?g=user&m=index&a=is_login
INFO: [ app_begin ] --START--
INFO: Run Behavior\ReadHtmlCacheBehavior [ RunTime:0.000000s ]
INFO: Run Behavior\CheckLangBehavior [ RunTime:0.001000s ]
INFO: [ app_begin ] --END-- [ RunTime:0.002000s ]
SQL: SHOW COLUMNS FROM `cmf_nav` [ RunTime:0.0040s ]
SQL: SELECT * FROM `cmf_nav` WHERE ( id=1 ) LIMIT 1   [ RunTime:0.0010s ]
NOTIC: [2] Missing argument 4 for sp_get_submenu(), called in D:\outsource\thinkcmf\jme\cmf\application\Common\Controller\HomebaseController.class.php on line 44 and defined D:\outsource\thinkcmf\jme\cmf\application\Common\Common\function.php 第 1788 行.
NOTIC: [8] Undefined variable: order D:\outsource\thinkcmf\jme\cmf\application\Common\Common\function.php 第 1791 行.
SQL: SELECT * FROM `cmf_nav` WHERE `parentid` = 1 ORDER BY listorder ASC LIMIT 0,1   [ RunTime:0.0020s ]
NOTIC: [8] Undefined index: url D:\outsource\thinkcmf\jme\cmf\application\Common\Controller\AppframeController.class.php 第 24 行.

[ 2016-02-24T21:56:47+08:00 ] 127.0.0.1 /index.php?g=user&m=index&a=is_login
INFO: [ app_begin ] --START--
INFO: Run Behavior\ReadHtmlCacheBehavior [ RunTime:0.001000s ]
INFO: Run Behavior\CheckLangBehavior [ RunTime:0.001000s ]
INFO: [ app_begin ] --END-- [ RunTime:0.003000s ]
SQL: SHOW COLUMNS FROM `cmf_nav` [ RunTime:0.0040s ]
SQL: SELECT * FROM `cmf_nav` WHERE ( id=1 ) LIMIT 1   [ RunTime:0.0000s ]
NOTIC: [2] Missing argument 4 for sp_get_submenu(), called in D:\outsource\thinkcmf\jme\cmf\application\Common\Controller\HomebaseController.class.php on line 44 and defined D:\outsource\thinkcmf\jme\cmf\application\Common\Common\function.php 第 1788 行.
NOTIC: [8] Undefined variable: order D:\outsource\thinkcmf\jme\cmf\application\Common\Common\function.php 第 1791 行.
SQL: SELECT * FROM `cmf_nav` WHERE `parentid` = 1 ORDER BY listorder ASC LIMIT 0,1   [ RunTime:0.0000s ]
NOTIC: [8] Undefined index: url D:\outsource\thinkcmf\jme\cmf\application\Common\Controller\AppframeController.class.php 第 24 行.

[ 2016-02-24T21:56:52+08:00 ] 127.0.0.1 /index.php?g=user&m=index&a=is_login
INFO: [ app_begin ] --START--
INFO: Run Behavior\ReadHtmlCacheBehavior [ RunTime:0.001000s ]
INFO: Run Behavior\CheckLangBehavior [ RunTime:0.002000s ]
INFO: [ app_begin ] --END-- [ RunTime:0.004000s ]
SQL: SHOW COLUMNS FROM `cmf_nav` [ RunTime:0.0040s ]
SQL: SELECT * FROM `cmf_nav` WHERE ( id=1 ) LIMIT 1   [ RunTime:0.0000s ]
NOTIC: [2] Missing argument 4 for sp_get_submenu(), called in D:\outsource\thinkcmf\jme\cmf\application\Common\Controller\HomebaseController.class.php on line 44 and defined D:\outsource\thinkcmf\jme\cmf\application\Common\Common\function.php 第 1788 行.
NOTIC: [8] Undefined variable: order D:\outsource\thinkcmf\jme\cmf\application\Common\Common\function.php 第 1791 行.
SQL: SELECT * FROM `cmf_nav` WHERE `parentid` = 1 ORDER BY listorder ASC LIMIT 0,1   [ RunTime:0.0010s ]
NOTIC: [8] Undefined index: url D:\outsource\thinkcmf\jme\cmf\application\Common\Controller\AppframeController.class.php 第 24 行.

[ 2016-02-24T21:59:09+08:00 ] 127.0.0.1 /index.php?g=user&m=index&a=is_login
INFO: [ app_begin ] --START--
INFO: Run Behavior\ReadHtmlCacheBehavior [ RunTime:0.001000s ]
INFO: Run Behavior\CheckLangBehavior [ RunTime:0.001000s ]
INFO: [ app_begin ] --END-- [ RunTime:0.003000s ]
SQL: SHOW COLUMNS FROM `cmf_nav` [ RunTime:0.0040s ]
SQL: SELECT * FROM `cmf_nav` WHERE ( id=1 ) LIMIT 1   [ RunTime:0.0010s ]
NOTIC: [2] Missing argument 4 for sp_get_submenu(), called in D:\outsource\thinkcmf\jme\cmf\application\Common\Controller\HomebaseController.class.php on line 44 and defined D:\outsource\thinkcmf\jme\cmf\application\Common\Common\function.php 第 1788 行.
NOTIC: [8] Undefined variable: order D:\outsource\thinkcmf\jme\cmf\application\Common\Common\function.php 第 1791 行.
SQL: SELECT * FROM `cmf_nav` WHERE `parentid` = 1 ORDER BY listorder ASC LIMIT 0,1   [ RunTime:0.0010s ]
NOTIC: [8] Undefined index: url D:\outsource\thinkcmf\jme\cmf\application\Common\Controller\AppframeController.class.php 第 24 行.

[ 2016-02-24T21:59:48+08:00 ] 127.0.0.1 /index.php?g=user&m=index&a=is_login
INFO: [ app_begin ] --START--
INFO: Run Behavior\ReadHtmlCacheBehavior [ RunTime:0.002001s ]
INFO: Run Behavior\CheckLangBehavior [ RunTime:0.003000s ]
INFO: [ app_begin ] --END-- [ RunTime:0.006001s ]
SQL: SHOW COLUMNS FROM `cmf_nav` [ RunTime:0.0040s ]
SQL: SELECT * FROM `cmf_nav` WHERE ( id=1 ) LIMIT 1   [ RunTime:0.0010s ]
NOTIC: [2] Missing argument 4 for sp_get_submenu(), called in D:\outsource\thinkcmf\jme\cmf\application\Common\Controller\HomebaseController.class.php on line 44 and defined D:\outsource\thinkcmf\jme\cmf\application\Common\Common\function.php 第 1788 行.
NOTIC: [8] Undefined variable: order D:\outsource\thinkcmf\jme\cmf\application\Common\Common\function.php 第 1791 行.
SQL: SELECT * FROM `cmf_nav` WHERE `parentid` = 1 ORDER BY listorder ASC LIMIT 0,1   [ RunTime:0.0010s ]
NOTIC: [8] Undefined index: url D:\outsource\thinkcmf\jme\cmf\application\Common\Controller\AppframeController.class.php 第 24 行.

[ 2016-02-24T22:00:00+08:00 ] 127.0.0.1 /index.php?g=user&m=index&a=is_login
INFO: [ app_begin ] --START--
INFO: Run Behavior\ReadHtmlCacheBehavior [ RunTime:0.001000s ]
INFO: Run Behavior\CheckLangBehavior [ RunTime:0.002000s ]
INFO: [ app_begin ] --END-- [ RunTime:0.003000s ]
SQL: SHOW COLUMNS FROM `cmf_nav` [ RunTime:0.0080s ]
SQL: SELECT * FROM `cmf_nav` WHERE ( id=1 ) LIMIT 1   [ RunTime:0.0010s ]
NOTIC: [2] Missing argument 4 for sp_get_submenu(), called in D:\outsource\thinkcmf\jme\cmf\application\Common\Controller\HomebaseController.class.php on line 44 and defined D:\outsource\thinkcmf\jme\cmf\application\Common\Common\function.php 第 1788 行.
NOTIC: [8] Undefined variable: order D:\outsource\thinkcmf\jme\cmf\application\Common\Common\function.php 第 1791 行.
SQL: SELECT * FROM `cmf_nav` WHERE `parentid` = 1 ORDER BY listorder ASC LIMIT 0,1   [ RunTime:0.0020s ]
NOTIC: [8] Undefined index: url D:\outsource\thinkcmf\jme\cmf\application\Common\Controller\AppframeController.class.php 第 24 行.

[ 2016-02-24T22:00:56+08:00 ] 127.0.0.1 /index.php?g=user&m=index&a=is_login
INFO: [ app_begin ] --START--
INFO: Run Behavior\ReadHtmlCacheBehavior [ RunTime:0.001000s ]
INFO: Run Behavior\CheckLangBehavior [ RunTime:0.001000s ]
INFO: [ app_begin ] --END-- [ RunTime:0.003001s ]
SQL: SHOW COLUMNS FROM `cmf_nav` [ RunTime:0.0030s ]
SQL: SELECT * FROM `cmf_nav` WHERE ( id=1 ) LIMIT 1   [ RunTime:0.0000s ]
NOTIC: [2] Missing argument 4 for sp_get_submenu(), called in D:\outsource\thinkcmf\jme\cmf\application\Common\Controller\HomebaseController.class.php on line 44 and defined D:\outsource\thinkcmf\jme\cmf\application\Common\Common\function.php 第 1788 行.
NOTIC: [8] Undefined variable: order D:\outsource\thinkcmf\jme\cmf\application\Common\Common\function.php 第 1791 行.
SQL: SELECT * FROM `cmf_nav` WHERE `parentid` = 1 ORDER BY listorder ASC LIMIT 0,1   [ RunTime:0.0000s ]
NOTIC: [8] Undefined index: url D:\outsource\thinkcmf\jme\cmf\application\Common\Controller\AppframeController.class.php 第 24 行.

[ 2016-02-24T22:01:26+08:00 ] 127.0.0.1 /index.php?g=user&m=index&a=is_login
INFO: [ app_begin ] --START--
INFO: Run Behavior\ReadHtmlCacheBehavior [ RunTime:0.005000s ]
INFO: Run Behavior\CheckLangBehavior [ RunTime:0.001000s ]
INFO: [ app_begin ] --END-- [ RunTime:0.008000s ]
SQL: SHOW COLUMNS FROM `cmf_nav` [ RunTime:0.0060s ]
SQL: SELECT * FROM `cmf_nav` WHERE ( id=1 ) LIMIT 1   [ RunTime:0.0000s ]
NOTIC: [2] Missing argument 4 for sp_get_submenu(), called in D:\outsource\thinkcmf\jme\cmf\application\Common\Controller\HomebaseController.class.php on line 44 and defined D:\outsource\thinkcmf\jme\cmf\application\Common\Common\function.php 第 1788 行.
NOTIC: [8] Undefined variable: order D:\outsource\thinkcmf\jme\cmf\application\Common\Common\function.php 第 1791 行.
SQL: SELECT * FROM `cmf_nav` WHERE `parentid` = 1 ORDER BY listorder ASC LIMIT 0,1   [ RunTime:0.0010s ]
NOTIC: [8] Undefined index: url D:\outsource\thinkcmf\jme\cmf\application\Common\Controller\AppframeController.class.php 第 24 行.

[ 2016-02-24T22:02:06+08:00 ] 127.0.0.1 /index.php?g=user&m=index&a=is_login
INFO: [ app_begin ] --START--
INFO: Run Behavior\ReadHtmlCacheBehavior [ RunTime:0.000000s ]
INFO: Run Behavior\CheckLangBehavior [ RunTime:0.002000s ]
INFO: [ app_begin ] --END-- [ RunTime:0.004000s ]
SQL: SHOW COLUMNS FROM `cmf_nav` [ RunTime:0.0060s ]
SQL: SELECT * FROM `cmf_nav` WHERE ( id=1 ) LIMIT 1   [ RunTime:0.0010s ]
NOTIC: [2] Missing argument 4 for sp_get_submenu(), called in D:\outsource\thinkcmf\jme\cmf\application\Common\Controller\HomebaseController.class.php on line 44 and defined D:\outsource\thinkcmf\jme\cmf\application\Common\Common\function.php 第 1788 行.
NOTIC: [8] Undefined variable: order D:\outsource\thinkcmf\jme\cmf\application\Common\Common\function.php 第 1791 行.
SQL: SELECT * FROM `cmf_nav` WHERE `parentid` = 1 ORDER BY listorder ASC LIMIT 0,1   [ RunTime:0.0000s ]
NOTIC: [8] Undefined index: url D:\outsource\thinkcmf\jme\cmf\application\Common\Controller\AppframeController.class.php 第 24 行.

[ 2016-02-24T22:02:44+08:00 ] 127.0.0.1 /index.php?g=user&m=index&a=is_login
INFO: [ app_begin ] --START--
INFO: Run Behavior\ReadHtmlCacheBehavior [ RunTime:0.001000s ]
INFO: Run Behavior\CheckLangBehavior [ RunTime:0.002000s ]
INFO: [ app_begin ] --END-- [ RunTime:0.004000s ]
SQL: SHOW COLUMNS FROM `cmf_nav` [ RunTime:0.0050s ]
SQL: SELECT * FROM `cmf_nav` WHERE ( id=1 ) LIMIT 1   [ RunTime:0.0010s ]
NOTIC: [2] Missing argument 4 for sp_get_submenu(), called in D:\outsource\thinkcmf\jme\cmf\application\Common\Controller\HomebaseController.class.php on line 44 and defined D:\outsource\thinkcmf\jme\cmf\application\Common\Common\function.php 第 1788 行.
NOTIC: [8] Undefined variable: order D:\outsource\thinkcmf\jme\cmf\application\Common\Common\function.php 第 1791 行.
SQL: SELECT * FROM `cmf_nav` WHERE `parentid` = 1 ORDER BY listorder ASC LIMIT 0,1   [ RunTime:0.0010s ]
NOTIC: [8] Undefined index: url D:\outsource\thinkcmf\jme\cmf\application\Common\Controller\AppframeController.class.php 第 24 行.

[ 2016-02-24T22:03:29+08:00 ] 127.0.0.1 /index.php?g=user&m=index&a=is_login
INFO: [ app_begin ] --START--
INFO: Run Behavior\ReadHtmlCacheBehavior [ RunTime:0.001000s ]
INFO: Run Behavior\CheckLangBehavior [ RunTime:0.000000s ]
INFO: [ app_begin ] --END-- [ RunTime:0.002000s ]
SQL: SHOW COLUMNS FROM `cmf_nav` [ RunTime:0.0070s ]
SQL: SELECT * FROM `cmf_nav` WHERE ( id=1 ) LIMIT 1   [ RunTime:0.0010s ]
NOTIC: [2] Missing argument 4 for sp_get_submenu(), called in D:\outsource\thinkcmf\jme\cmf\application\Common\Controller\HomebaseController.class.php on line 44 and defined D:\outsource\thinkcmf\jme\cmf\application\Common\Common\function.php 第 1788 行.
NOTIC: [8] Undefined variable: order D:\outsource\thinkcmf\jme\cmf\application\Common\Common\function.php 第 1791 行.
SQL: SELECT * FROM `cmf_nav` WHERE `parentid` = 1 ORDER BY listorder ASC LIMIT 0,1   [ RunTime:0.0000s ]
NOTIC: [8] Undefined index: url D:\outsource\thinkcmf\jme\cmf\application\Common\Controller\AppframeController.class.php 第 24 行.

[ 2016-02-24T22:03:48+08:00 ] 127.0.0.1 /index.php?g=user&m=index&a=is_login
INFO: [ app_begin ] --START--
INFO: Run Behavior\ReadHtmlCacheBehavior [ RunTime:0.001000s ]
INFO: Run Behavior\CheckLangBehavior [ RunTime:0.001000s ]
INFO: [ app_begin ] --END-- [ RunTime:0.003000s ]
SQL: SHOW COLUMNS FROM `cmf_nav` [ RunTime:0.0080s ]
SQL: SELECT * FROM `cmf_nav` WHERE ( id=1 ) LIMIT 1   [ RunTime:0.0010s ]
NOTIC: [2] Missing argument 4 for sp_get_submenu(), called in D:\outsource\thinkcmf\jme\cmf\application\Common\Controller\HomebaseController.class.php on line 44 and defined D:\outsource\thinkcmf\jme\cmf\application\Common\Common\function.php 第 1788 行.
NOTIC: [8] Undefined variable: order D:\outsource\thinkcmf\jme\cmf\application\Common\Common\function.php 第 1791 行.
SQL: SELECT * FROM `cmf_nav` WHERE `parentid` = 1 ORDER BY listorder ASC LIMIT 0,1   [ RunTime:0.0010s ]
NOTIC: [8] Undefined index: url D:\outsource\thinkcmf\jme\cmf\application\Common\Controller\AppframeController.class.php 第 24 行.

[ 2016-02-24T22:05:26+08:00 ] 127.0.0.1 /index.php?g=user&m=index&a=is_login
INFO: [ app_begin ] --START--
INFO: Run Behavior\ReadHtmlCacheBehavior [ RunTime:0.001000s ]
INFO: Run Behavior\CheckLangBehavior [ RunTime:0.001001s ]
INFO: [ app_begin ] --END-- [ RunTime:0.003001s ]
SQL: SHOW COLUMNS FROM `cmf_nav` [ RunTime:0.0040s ]
SQL: SELECT * FROM `cmf_nav` WHERE ( id=1 ) LIMIT 1   [ RunTime:0.0020s ]
NOTIC: [2] Missing argument 4 for sp_get_submenu(), called in D:\outsource\thinkcmf\jme\cmf\application\Common\Controller\HomebaseController.class.php on line 44 and defined D:\outsource\thinkcmf\jme\cmf\application\Common\Common\function.php 第 1788 行.
NOTIC: [8] Undefined variable: order D:\outsource\thinkcmf\jme\cmf\application\Common\Common\function.php 第 1791 行.
SQL: SELECT * FROM `cmf_nav` WHERE `parentid` = 1 ORDER BY listorder ASC LIMIT 0,1   [ RunTime:0.0010s ]
NOTIC: [8] Undefined index: url D:\outsource\thinkcmf\jme\cmf\application\Common\Controller\AppframeController.class.php 第 24 行.

[ 2016-02-24T22:06:41+08:00 ] 127.0.0.1 /index.php?g=user&m=index&a=is_login
INFO: [ app_begin ] --START--
INFO: Run Behavior\ReadHtmlCacheBehavior [ RunTime:0.003000s ]
INFO: Run Behavior\CheckLangBehavior [ RunTime:0.001000s ]
INFO: [ app_begin ] --END-- [ RunTime:0.004000s ]
SQL: SHOW COLUMNS FROM `cmf_nav` [ RunTime:0.0090s ]
SQL: SELECT * FROM `cmf_nav` WHERE ( id=1 ) LIMIT 1   [ RunTime:0.0030s ]
NOTIC: [2] Missing argument 4 for sp_get_submenu(), called in D:\outsource\thinkcmf\jme\cmf\application\Common\Controller\HomebaseController.class.php on line 44 and defined D:\outsource\thinkcmf\jme\cmf\application\Common\Common\function.php 第 1788 行.
NOTIC: [8] Undefined variable: order D:\outsource\thinkcmf\jme\cmf\application\Common\Common\function.php 第 1791 行.
SQL: SELECT * FROM `cmf_nav` WHERE `parentid` = 1 ORDER BY listorder ASC LIMIT 0,1   [ RunTime:0.0080s ]
NOTIC: [8] Undefined index: url D:\outsource\thinkcmf\jme\cmf\application\Common\Controller\AppframeController.class.php 第 24 行.

[ 2016-02-24T22:07:06+08:00 ] 127.0.0.1 /index.php?g=user&m=index&a=is_login
INFO: [ app_begin ] --START--
INFO: Run Behavior\ReadHtmlCacheBehavior [ RunTime:0.001000s ]
INFO: Run Behavior\CheckLangBehavior [ RunTime:0.001000s ]
INFO: [ app_begin ] --END-- [ RunTime:0.002000s ]
SQL: SHOW COLUMNS FROM `cmf_nav` [ RunTime:0.0050s ]
SQL: SELECT * FROM `cmf_nav` WHERE ( id=1 ) LIMIT 1   [ RunTime:0.0000s ]
NOTIC: [2] Missing argument 4 for sp_get_submenu(), called in D:\outsource\thinkcmf\jme\cmf\application\Common\Controller\HomebaseController.class.php on line 44 and defined D:\outsource\thinkcmf\jme\cmf\application\Common\Common\function.php 第 1788 行.
NOTIC: [8] Undefined variable: order D:\outsource\thinkcmf\jme\cmf\application\Common\Common\function.php 第 1791 行.
SQL: SELECT * FROM `cmf_nav` WHERE `parentid` = 1 ORDER BY listorder ASC LIMIT 0,1   [ RunTime:0.0030s ]
NOTIC: [8] Undefined index: url D:\outsource\thinkcmf\jme\cmf\application\Common\Controller\AppframeController.class.php 第 24 行.

[ 2016-02-24T22:07:18+08:00 ] 127.0.0.1 /index.php?g=user&m=index&a=is_login
INFO: [ app_begin ] --START--
INFO: Run Behavior\ReadHtmlCacheBehavior [ RunTime:0.000000s ]
INFO: Run Behavior\CheckLangBehavior [ RunTime:0.001000s ]
INFO: [ app_begin ] --END-- [ RunTime:0.002000s ]
SQL: SHOW COLUMNS FROM `cmf_nav` [ RunTime:0.0060s ]
SQL: SELECT * FROM `cmf_nav` WHERE ( id=1 ) LIMIT 1   [ RunTime:0.0010s ]
NOTIC: [2] Missing argument 4 for sp_get_submenu(), called in D:\outsource\thinkcmf\jme\cmf\application\Common\Controller\HomebaseController.class.php on line 44 and defined D:\outsource\thinkcmf\jme\cmf\application\Common\Common\function.php 第 1788 行.
NOTIC: [8] Undefined variable: order D:\outsource\thinkcmf\jme\cmf\application\Common\Common\function.php 第 1791 行.
SQL: SELECT * FROM `cmf_nav` WHERE `parentid` = 1 ORDER BY listorder ASC LIMIT 0,1   [ RunTime:0.0000s ]
NOTIC: [8] Undefined index: url D:\outsource\thinkcmf\jme\cmf\application\Common\Controller\AppframeController.class.php 第 24 行.

[ 2016-02-24T22:07:20+08:00 ] 127.0.0.1 /index.php?g=user&m=index&a=is_login
INFO: [ app_begin ] --START--
INFO: Run Behavior\ReadHtmlCacheBehavior [ RunTime:0.001000s ]
INFO: Run Behavior\CheckLangBehavior [ RunTime:0.004000s ]
INFO: [ app_begin ] --END-- [ RunTime:0.005000s ]
SQL: SHOW COLUMNS FROM `cmf_nav` [ RunTime:0.0020s ]
SQL: SELECT * FROM `cmf_nav` WHERE ( id=1 ) LIMIT 1   [ RunTime:0.0000s ]
NOTIC: [2] Missing argument 4 for sp_get_submenu(), called in D:\outsource\thinkcmf\jme\cmf\application\Common\Controller\HomebaseController.class.php on line 44 and defined D:\outsource\thinkcmf\jme\cmf\application\Common\Common\function.php 第 1788 行.
NOTIC: [8] Undefined variable: order D:\outsource\thinkcmf\jme\cmf\application\Common\Common\function.php 第 1791 行.
SQL: SELECT * FROM `cmf_nav` WHERE `parentid` = 1 ORDER BY listorder ASC LIMIT 0,1   [ RunTime:0.0000s ]
NOTIC: [8] Undefined index: url D:\outsource\thinkcmf\jme\cmf\application\Common\Controller\AppframeController.class.php 第 24 行.

[ 2016-02-24T22:07:21+08:00 ] 127.0.0.1 /index.php?g=user&m=index&a=is_login
INFO: [ app_begin ] --START--
INFO: Run Behavior\ReadHtmlCacheBehavior [ RunTime:0.001000s ]
INFO: Run Behavior\CheckLangBehavior [ RunTime:0.000000s ]
INFO: [ app_begin ] --END-- [ RunTime:0.002000s ]
SQL: SHOW COLUMNS FROM `cmf_nav` [ RunTime:0.0030s ]
SQL: SELECT * FROM `cmf_nav` WHERE ( id=1 ) LIMIT 1   [ RunTime:0.0010s ]
NOTIC: [2] Missing argument 4 for sp_get_submenu(), called in D:\outsource\thinkcmf\jme\cmf\application\Common\Controller\HomebaseController.class.php on line 44 and defined D:\outsource\thinkcmf\jme\cmf\application\Common\Common\function.php 第 1788 行.
NOTIC: [8] Undefined variable: order D:\outsource\thinkcmf\jme\cmf\application\Common\Common\function.php 第 1791 行.
SQL: SELECT * FROM `cmf_nav` WHERE `parentid` = 1 ORDER BY listorder ASC LIMIT 0,1   [ RunTime:0.0000s ]
NOTIC: [8] Undefined index: url D:\outsource\thinkcmf\jme\cmf\application\Common\Controller\AppframeController.class.php 第 24 行.

[ 2016-02-24T22:07:22+08:00 ] 127.0.0.1 /index.php?g=user&m=index&a=is_login
INFO: [ app_begin ] --START--
INFO: Run Behavior\ReadHtmlCacheBehavior [ RunTime:0.001000s ]
INFO: Run Behavior\CheckLangBehavior [ RunTime:0.001000s ]
INFO: [ app_begin ] --END-- [ RunTime:0.002000s ]
SQL: SHOW COLUMNS FROM `cmf_nav` [ RunTime:0.0030s ]
SQL: SELECT * FROM `cmf_nav` WHERE ( id=1 ) LIMIT 1   [ RunTime:0.0000s ]
NOTIC: [2] Missing argument 4 for sp_get_submenu(), called in D:\outsource\thinkcmf\jme\cmf\application\Common\Controller\HomebaseController.class.php on line 44 and defined D:\outsource\thinkcmf\jme\cmf\application\Common\Common\function.php 第 1788 行.
NOTIC: [8] Undefined variable: order D:\outsource\thinkcmf\jme\cmf\application\Common\Common\function.php 第 1791 行.
SQL: SELECT * FROM `cmf_nav` WHERE `parentid` = 1 ORDER BY listorder ASC LIMIT 0,1   [ RunTime:0.0000s ]
NOTIC: [8] Undefined index: url D:\outsource\thinkcmf\jme\cmf\application\Common\Controller\AppframeController.class.php 第 24 行.

[ 2016-02-24T22:07:23+08:00 ] 127.0.0.1 /index.php?g=user&m=index&a=is_login
INFO: [ app_begin ] --START--
INFO: Run Behavior\ReadHtmlCacheBehavior [ RunTime:0.000000s ]
INFO: Run Behavior\CheckLangBehavior [ RunTime:0.002000s ]
INFO: [ app_begin ] --END-- [ RunTime:0.002000s ]
SQL: SHOW COLUMNS FROM `cmf_nav` [ RunTime:0.0040s ]
SQL: SELECT * FROM `cmf_nav` WHERE ( id=1 ) LIMIT 1   [ RunTime:0.0010s ]
NOTIC: [2] Missing argument 4 for sp_get_submenu(), called in D:\outsource\thinkcmf\jme\cmf\application\Common\Controller\HomebaseController.class.php on line 44 and defined D:\outsource\thinkcmf\jme\cmf\application\Common\Common\function.php 第 1788 行.
NOTIC: [8] Undefined variable: order D:\outsource\thinkcmf\jme\cmf\application\Common\Common\function.php 第 1791 行.
SQL: SELECT * FROM `cmf_nav` WHERE `parentid` = 1 ORDER BY listorder ASC LIMIT 0,1   [ RunTime:0.0000s ]
NOTIC: [8] Undefined index: url D:\outsource\thinkcmf\jme\cmf\application\Common\Controller\AppframeController.class.php 第 24 行.

[ 2016-02-24T22:07:24+08:00 ] 127.0.0.1 /index.php?g=user&m=index&a=is_login
INFO: [ app_begin ] --START--
INFO: Run Behavior\ReadHtmlCacheBehavior [ RunTime:0.001000s ]
INFO: Run Behavior\CheckLangBehavior [ RunTime:0.001000s ]
INFO: [ app_begin ] --END-- [ RunTime:0.002000s ]
SQL: SHOW COLUMNS FROM `cmf_nav` [ RunTime:0.0020s ]
SQL: SELECT * FROM `cmf_nav` WHERE ( id=1 ) LIMIT 1   [ RunTime:0.0000s ]
NOTIC: [2] Missing argument 4 for sp_get_submenu(), called in D:\outsource\thinkcmf\jme\cmf\application\Common\Controller\HomebaseController.class.php on line 44 and defined D:\outsource\thinkcmf\jme\cmf\application\Common\Common\function.php 第 1788 行.
NOTIC: [8] Undefined variable: order D:\outsource\thinkcmf\jme\cmf\application\Common\Common\function.php 第 1791 行.
SQL: SELECT * FROM `cmf_nav` WHERE `parentid` = 1 ORDER BY listorder ASC LIMIT 0,1   [ RunTime:0.0000s ]
NOTIC: [8] Undefined index: url D:\outsource\thinkcmf\jme\cmf\application\Common\Controller\AppframeController.class.php 第 24 行.

[ 2016-02-24T22:08:22+08:00 ] 127.0.0.1 /index.php?g=user&m=index&a=is_login
INFO: [ app_begin ] --START--
INFO: Run Behavior\ReadHtmlCacheBehavior [ RunTime:0.001001s ]
INFO: Run Behavior\CheckLangBehavior [ RunTime:0.001000s ]
INFO: [ app_begin ] --END-- [ RunTime:0.002001s ]
SQL: SHOW COLUMNS FROM `cmf_nav` [ RunTime:0.0050s ]
SQL: SELECT * FROM `cmf_nav` WHERE ( id=1 ) LIMIT 1   [ RunTime:0.0010s ]
NOTIC: [2] Missing argument 4 for sp_get_submenu(), called in D:\outsource\thinkcmf\jme\cmf\application\Common\Controller\HomebaseController.class.php on line 44 and defined D:\outsource\thinkcmf\jme\cmf\application\Common\Common\function.php 第 1788 行.
NOTIC: [8] Undefined variable: order D:\outsource\thinkcmf\jme\cmf\application\Common\Common\function.php 第 1791 行.
SQL: SELECT * FROM `cmf_nav` WHERE `parentid` = 1 ORDER BY listorder ASC LIMIT 0,1   [ RunTime:0.0000s ]
NOTIC: [8] Undefined index: url D:\outsource\thinkcmf\jme\cmf\application\Common\Controller\AppframeController.class.php 第 24 行.

[ 2016-02-24T22:12:20+08:00 ] 127.0.0.1 /index.php?g=user&m=index&a=is_login
INFO: [ app_begin ] --START--
INFO: Run Behavior\ReadHtmlCacheBehavior [ RunTime:0.001000s ]
INFO: Run Behavior\CheckLangBehavior [ RunTime:0.000000s ]
INFO: [ app_begin ] --END-- [ RunTime:0.001000s ]
SQL: SHOW COLUMNS FROM `cmf_nav` [ RunTime:0.0040s ]
SQL: SELECT * FROM `cmf_nav` WHERE ( id=1 ) LIMIT 1   [ RunTime:0.0010s ]
NOTIC: [2] Missing argument 4 for sp_get_submenu(), called in D:\outsource\thinkcmf\jme\cmf\application\Common\Controller\HomebaseController.class.php on line 44 and defined D:\outsource\thinkcmf\jme\cmf\application\Common\Common\function.php 第 1788 行.
NOTIC: [8] Undefined variable: order D:\outsource\thinkcmf\jme\cmf\application\Common\Common\function.php 第 1791 行.
SQL: SELECT * FROM `cmf_nav` WHERE `parentid` = 1 ORDER BY listorder ASC LIMIT 0,1   [ RunTime:0.0010s ]
NOTIC: [8] Undefined index: url D:\outsource\thinkcmf\jme\cmf\application\Common\Controller\AppframeController.class.php 第 24 行.

[ 2016-02-24T22:12:21+08:00 ] 127.0.0.1 /index.php?g=user&m=index&a=is_login
INFO: [ app_begin ] --START--
INFO: Run Behavior\ReadHtmlCacheBehavior [ RunTime:0.001000s ]
INFO: Run Behavior\CheckLangBehavior [ RunTime:0.000000s ]
INFO: [ app_begin ] --END-- [ RunTime:0.001000s ]
SQL: SHOW COLUMNS FROM `cmf_nav` [ RunTime:0.0030s ]
SQL: SELECT * FROM `cmf_nav` WHERE ( id=1 ) LIMIT 1   [ RunTime:0.0000s ]
NOTIC: [2] Missing argument 4 for sp_get_submenu(), called in D:\outsource\thinkcmf\jme\cmf\application\Common\Controller\HomebaseController.class.php on line 44 and defined D:\outsource\thinkcmf\jme\cmf\application\Common\Common\function.php 第 1788 行.
NOTIC: [8] Undefined variable: order D:\outsource\thinkcmf\jme\cmf\application\Common\Common\function.php 第 1791 行.
SQL: SELECT * FROM `cmf_nav` WHERE `parentid` = 1 ORDER BY listorder ASC LIMIT 0,1   [ RunTime:0.0000s ]
NOTIC: [8] Undefined index: url D:\outsource\thinkcmf\jme\cmf\application\Common\Controller\AppframeController.class.php 第 24 行.

[ 2016-02-24T22:12:21+08:00 ] 127.0.0.1 /index.php?g=user&m=index&a=is_login
INFO: [ app_begin ] --START--
INFO: Run Behavior\ReadHtmlCacheBehavior [ RunTime:0.001000s ]
INFO: Run Behavior\CheckLangBehavior [ RunTime:0.002000s ]
INFO: [ app_begin ] --END-- [ RunTime:0.003000s ]
SQL: SHOW COLUMNS FROM `cmf_nav` [ RunTime:0.0030s ]
SQL: SELECT * FROM `cmf_nav` WHERE ( id=1 ) LIMIT 1   [ RunTime:0.0000s ]
NOTIC: [2] Missing argument 4 for sp_get_submenu(), called in D:\outsource\thinkcmf\jme\cmf\application\Common\Controller\HomebaseController.class.php on line 44 and defined D:\outsource\thinkcmf\jme\cmf\application\Common\Common\function.php 第 1788 行.
NOTIC: [8] Undefined variable: order D:\outsource\thinkcmf\jme\cmf\application\Common\Common\function.php 第 1791 行.
SQL: SELECT * FROM `cmf_nav` WHERE `parentid` = 1 ORDER BY listorder ASC LIMIT 0,1   [ RunTime:0.0000s ]
NOTIC: [8] Undefined index: url D:\outsource\thinkcmf\jme\cmf\application\Common\Controller\AppframeController.class.php 第 24 行.

[ 2016-02-24T22:12:22+08:00 ] 127.0.0.1 /index.php?g=user&m=index&a=is_login
INFO: [ app_begin ] --START--
INFO: Run Behavior\ReadHtmlCacheBehavior [ RunTime:0.001000s ]
INFO: Run Behavior\CheckLangBehavior [ RunTime:0.001000s ]
INFO: [ app_begin ] --END-- [ RunTime:0.003000s ]
SQL: SHOW COLUMNS FROM `cmf_nav` [ RunTime:0.0100s ]
SQL: SELECT * FROM `cmf_nav` WHERE ( id=1 ) LIMIT 1   [ RunTime:0.0010s ]
NOTIC: [2] Missing argument 4 for sp_get_submenu(), called in D:\outsource\thinkcmf\jme\cmf\application\Common\Controller\HomebaseController.class.php on line 44 and defined D:\outsource\thinkcmf\jme\cmf\application\Common\Common\function.php 第 1788 行.
NOTIC: [8] Undefined variable: order D:\outsource\thinkcmf\jme\cmf\application\Common\Common\function.php 第 1791 行.
SQL: SELECT * FROM `cmf_nav` WHERE `parentid` = 1 ORDER BY listorder ASC LIMIT 0,1   [ RunTime:0.0010s ]
NOTIC: [8] Undefined index: url D:\outsource\thinkcmf\jme\cmf\application\Common\Controller\AppframeController.class.php 第 24 行.

[ 2016-02-24T22:12:23+08:00 ] 127.0.0.1 /index.php?g=user&m=index&a=is_login
INFO: [ app_begin ] --START--
INFO: Run Behavior\ReadHtmlCacheBehavior [ RunTime:0.000000s ]
INFO: Run Behavior\CheckLangBehavior [ RunTime:0.001001s ]
INFO: [ app_begin ] --END-- [ RunTime:0.002001s ]
SQL: SHOW COLUMNS FROM `cmf_nav` [ RunTime:0.0060s ]
SQL: SELECT * FROM `cmf_nav` WHERE ( id=1 ) LIMIT 1   [ RunTime:0.0000s ]
NOTIC: [2] Missing argument 4 for sp_get_submenu(), called in D:\outsource\thinkcmf\jme\cmf\application\Common\Controller\HomebaseController.class.php on line 44 and defined D:\outsource\thinkcmf\jme\cmf\application\Common\Common\function.php 第 1788 行.
NOTIC: [8] Undefined variable: order D:\outsource\thinkcmf\jme\cmf\application\Common\Common\function.php 第 1791 行.
SQL: SELECT * FROM `cmf_nav` WHERE `parentid` = 1 ORDER BY listorder ASC LIMIT 0,1   [ RunTime:0.0000s ]
NOTIC: [8] Undefined index: url D:\outsource\thinkcmf\jme\cmf\application\Common\Controller\AppframeController.class.php 第 24 行.

[ 2016-02-24T22:31:41+08:00 ] 127.0.0.1 /index.php?g=user&m=index&a=is_login
INFO: [ app_begin ] --START--
INFO: Run Behavior\ReadHtmlCacheBehavior [ RunTime:0.000000s ]
INFO: Run Behavior\CheckLangBehavior [ RunTime:0.001000s ]
INFO: [ app_begin ] --END-- [ RunTime:0.002000s ]
SQL: SHOW COLUMNS FROM `cmf_nav` [ RunTime:0.0040s ]
SQL: SELECT * FROM `cmf_nav` WHERE ( id=1 ) LIMIT 1   [ RunTime:0.0010s ]
NOTIC: [2] Missing argument 4 for sp_get_submenu(), called in D:\outsource\thinkcmf\jme\cmf\application\Common\Controller\HomebaseController.class.php on line 44 and defined D:\outsource\thinkcmf\jme\cmf\application\Common\Common\function.php 第 1788 行.
NOTIC: [8] Undefined variable: order D:\outsource\thinkcmf\jme\cmf\application\Common\Common\function.php 第 1791 行.
SQL: SELECT * FROM `cmf_nav` WHERE `parentid` = 1 ORDER BY listorder ASC LIMIT 0,1   [ RunTime:0.0010s ]
NOTIC: [8] Undefined index: url D:\outsource\thinkcmf\jme\cmf\application\Common\Controller\AppframeController.class.php 第 24 行.

[ 2016-02-24T22:31:45+08:00 ] 127.0.0.1 /index.php?g=user&m=index&a=is_login
INFO: [ app_begin ] --START--
INFO: Run Behavior\ReadHtmlCacheBehavior [ RunTime:0.001000s ]
INFO: Run Behavior\CheckLangBehavior [ RunTime:0.001000s ]
INFO: [ app_begin ] --END-- [ RunTime:0.002000s ]
SQL: SHOW COLUMNS FROM `cmf_nav` [ RunTime:0.0090s ]
SQL: SELECT * FROM `cmf_nav` WHERE ( id=1 ) LIMIT 1   [ RunTime:0.0020s ]
NOTIC: [2] Missing argument 4 for sp_get_submenu(), called in D:\outsource\thinkcmf\jme\cmf\application\Common\Controller\HomebaseController.class.php on line 44 and defined D:\outsource\thinkcmf\jme\cmf\application\Common\Common\function.php 第 1788 行.
NOTIC: [8] Undefined variable: order D:\outsource\thinkcmf\jme\cmf\application\Common\Common\function.php 第 1791 行.
SQL: SELECT * FROM `cmf_nav` WHERE `parentid` = 1 ORDER BY listorder ASC LIMIT 0,1   [ RunTime:0.0010s ]
NOTIC: [8] Undefined index: url D:\outsource\thinkcmf\jme\cmf\application\Common\Controller\AppframeController.class.php 第 24 行.

